  [1m[36mActiveRecord::SchemaMigration Load (1.4ms)[0m  [1mSELECT "schema_migrations".* FROM "schema_migrations"[0m
Migrating to DeviseCreateUsers (20151214224307)
  [1m[35m (0.4ms)[0m  BEGIN
  [1m[36m (8.6ms)[0m  [1mCREATE TABLE "users" ("id" serial primary key, "email" character varying DEFAULT '' NOT NULL, "encrypted_password" character varying DEFAULT '' NOT NULL, "reset_password_token" character varying, "reset_password_sent_at" timestamp, "remember_created_at" timestamp, "sign_in_count" integer DEFAULT 0 NOT NULL, "current_sign_in_at" timestamp, "last_sign_in_at" timestamp, "current_sign_in_ip" inet, "last_sign_in_ip" inet, "created_at" timestamp NOT NULL, "updated_at" timestamp NOT NULL) [0m
PG::DuplicateTable: ERROR:  relation "users" already exists
: CREATE TABLE "users" ("id" serial primary key, "email" character varying DEFAULT '' NOT NULL, "encrypted_password" character varying DEFAULT '' NOT NULL, "reset_password_token" character varying, "reset_password_sent_at" timestamp, "remember_created_at" timestamp, "sign_in_count" integer DEFAULT 0 NOT NULL, "current_sign_in_at" timestamp, "last_sign_in_at" timestamp, "current_sign_in_ip" inet, "last_sign_in_ip" inet, "created_at" timestamp NOT NULL, "updated_at" timestamp NOT NULL) 
  [1m[35m (0.2ms)[0m  ROLLBACK


Started GET "/" for ::1 at 2015-12-14 17:47:36 -0500
  [1m[36mActiveRecord::SchemaMigration Load (0.9ms)[0m  [1mSELECT "schema_migrations".* FROM "schema_migrations"[0m

ActiveRecord::PendingMigrationError (

Migrations are pending. To resolve this issue, run:

	bin/rake db:migrate RAILS_ENV=development

):
  activerecord (4.2.3) lib/active_record/migration.rb:392:in `check_pending!'
  activerecord (4.2.3) lib/active_record/migration.rb:373:in `call'
  actionpack (4.2.3) lib/action_dispatch/middleware/callbacks.rb:29:in `block in call'
  activesupport (4.2.3) lib/active_support/callbacks.rb:84:in `run_callbacks'
  actionpack (4.2.3) lib/action_dispatch/middleware/callbacks.rb:27:in `call'
  actionpack (4.2.3) lib/action_dispatch/middleware/reloader.rb:73:in `call'
  actionpack (4.2.3) lib/action_dispatch/middleware/remote_ip.rb:78:in `call'
  actionpack (4.2.3) lib/action_dispatch/middleware/debug_exceptions.rb:17:in `call'
  web-console (2.2.1) lib/web_console/middleware.rb:39:in `call'
  actionpack (4.2.3) lib/action_dispatch/middleware/show_exceptions.rb:30:in `call'
  railties (4.2.3) lib/rails/rack/logger.rb:38:in `call_app'
  railties (4.2.3) lib/rails/rack/logger.rb:20:in `block in call'
  activesupport (4.2.3) lib/active_support/tagged_logging.rb:68:in `block in tagged'
  activesupport (4.2.3) lib/active_support/tagged_logging.rb:26:in `tagged'
  activesupport (4.2.3) lib/active_support/tagged_logging.rb:68:in `tagged'
  railties (4.2.3) lib/rails/rack/logger.rb:20:in `call'
  actionpack (4.2.3) lib/action_dispatch/middleware/request_id.rb:21:in `call'
  rack (1.6.4) lib/rack/methodoverride.rb:22:in `call'
  rack (1.6.4) lib/rack/runtime.rb:18:in `call'
  activesupport (4.2.3) lib/active_support/cache/strategy/local_cache_middleware.rb:28:in `call'
  rack (1.6.4) lib/rack/lock.rb:17:in `call'
  actionpack (4.2.3) lib/action_dispatch/middleware/static.rb:116:in `call'
  rack (1.6.4) lib/rack/sendfile.rb:113:in `call'
  railties (4.2.3) lib/rails/engine.rb:518:in `call'
  railties (4.2.3) lib/rails/application.rb:165:in `call'
  rack (1.6.4) lib/rack/lock.rb:17:in `call'
  rack (1.6.4) lib/rack/content_length.rb:15:in `call'
  rack (1.6.4) lib/rack/handler/webrick.rb:88:in `service'
  /Users/paulyun/.rubies/ruby-2.2.0/lib/ruby/2.2.0/webrick/httpserver.rb:138:in `service'
  /Users/paulyun/.rubies/ruby-2.2.0/lib/ruby/2.2.0/webrick/httpserver.rb:94:in `run'
  /Users/paulyun/.rubies/ruby-2.2.0/lib/ruby/2.2.0/webrick/server.rb:294:in `block in start_thread'


  Rendered /Users/paulyun/.gem/ruby/2.2.0/gems/actionpack-4.2.3/lib/action_dispatch/middleware/templates/rescues/_source.erb (3.8ms)
  Rendered /Users/paulyun/.gem/ruby/2.2.0/gems/actionpack-4.2.3/lib/action_dispatch/middleware/templates/rescues/_trace.html.erb (2.7ms)
  Rendered /Users/paulyun/.gem/ruby/2.2.0/gems/actionpack-4.2.3/lib/action_dispatch/middleware/templates/rescues/_request_and_response.html.erb (1.1ms)
  Rendered /Users/paulyun/.gem/ruby/2.2.0/gems/actionpack-4.2.3/lib/action_dispatch/middleware/templates/rescues/diagnostics.html.erb within rescues/layout (73.7ms)
  Rendered /Users/paulyun/.gem/ruby/2.2.0/gems/web-console-2.2.1/lib/web_console/templates/_markup.html.erb (0.9ms)
  Rendered /Users/paulyun/.gem/ruby/2.2.0/gems/web-console-2.2.1/lib/web_console/templates/_inner_console_markup.html.erb within layouts/inlined_string (0.6ms)
  Rendered /Users/paulyun/.gem/ruby/2.2.0/gems/web-console-2.2.1/lib/web_console/templates/_prompt_box_markup.html.erb within layouts/inlined_string (0.5ms)
  Rendered /Users/paulyun/.gem/ruby/2.2.0/gems/web-console-2.2.1/lib/web_console/templates/style.css.erb within layouts/inlined_string (0.7ms)
  Rendered /Users/paulyun/.gem/ruby/2.2.0/gems/web-console-2.2.1/lib/web_console/templates/console.js.erb within layouts/javascript (79.1ms)
  Rendered /Users/paulyun/.gem/ruby/2.2.0/gems/web-console-2.2.1/lib/web_console/templates/main.js.erb within layouts/javascript (0.4ms)
  Rendered /Users/paulyun/.gem/ruby/2.2.0/gems/web-console-2.2.1/lib/web_console/templates/error_page.js.erb within layouts/javascript (0.6ms)
  Rendered /Users/paulyun/.gem/ruby/2.2.0/gems/web-console-2.2.1/lib/web_console/templates/index.html.erb (158.0ms)
  [1m[36m (4.7ms)[0m  [1mCREATE TABLE "schema_migrations" ("version" character varying NOT NULL) [0m
  [1m[35m (2.8ms)[0m  CREATE UNIQUE INDEX  "unique_schema_migrations" ON "schema_migrations"  ("version")
  [1m[36mActiveRecord::SchemaMigration Load (0.9ms)[0m  [1mSELECT "schema_migrations".* FROM "schema_migrations"[0m
Migrating to DeviseCreateUsers (20151214224307)
  [1m[35m (0.3ms)[0m  BEGIN
  [1m[36m (7.5ms)[0m  [1mCREATE TABLE "users" ("id" serial primary key, "email" character varying DEFAULT '' NOT NULL, "encrypted_password" character varying DEFAULT '' NOT NULL, "reset_password_token" character varying, "reset_password_sent_at" timestamp, "remember_created_at" timestamp, "sign_in_count" integer DEFAULT 0 NOT NULL, "current_sign_in_at" timestamp, "last_sign_in_at" timestamp, "current_sign_in_ip" inet, "last_sign_in_ip" inet, "created_at" timestamp NOT NULL, "updated_at" timestamp NOT NULL) [0m
  [1m[35m (1.4ms)[0m  CREATE UNIQUE INDEX  "index_users_on_email" ON "users"  ("email")
  [1m[36m (1.5ms)[0m  [1mCREATE UNIQUE INDEX  "index_users_on_reset_password_token" ON "users"  ("reset_password_token")[0m
  [1m[35mSQL (0.5ms)[0m  INSERT INTO "schema_migrations" ("version") VALUES ($1)  [["version", "20151214224307"]]
  [1m[36m (1.3ms)[0m  [1mCOMMIT[0m
  [1m[35mActiveRecord::SchemaMigration Load (0.3ms)[0m  SELECT "schema_migrations".* FROM "schema_migrations"
  [1m[36m (6.3ms)[0m  [1mSELECT t2.oid::regclass::text AS to_table, a1.attname AS column, a2.attname AS primary_key, c.conname AS name, c.confupdtype AS on_update, c.confdeltype AS on_delete
FROM pg_constraint c
JOIN pg_class t1 ON c.conrelid = t1.oid
JOIN pg_class t2 ON c.confrelid = t2.oid
JOIN pg_attribute a1 ON a1.attnum = c.conkey[1] AND a1.attrelid = t1.oid
JOIN pg_attribute a2 ON a2.attnum = c.confkey[1] AND a2.attrelid = t2.oid
JOIN pg_namespace t3 ON c.connamespace = t3.oid
WHERE c.contype = 'f'
  AND t1.relname = 'users'
  AND t3.nspname = ANY (current_schemas(false))
ORDER BY c.conname
[0m


Started GET "/" for ::1 at 2015-12-14 17:50:58 -0500
  [1m[36mActiveRecord::SchemaMigration Load (1.4ms)[0m  [1mSELECT "schema_migrations".* FROM "schema_migrations"[0m
Processing by HomesController#index as HTML
  Rendered homes/index.html.erb within layouts/application (2.6ms)
DEPRECATION WARNING on line 78 of /Users/paulyun/.gem/ruby/2.2.0/gems/foundation-rails-5.5.3.2/vendor/assets/stylesheets/foundation/components/_top-bar.scss: #{} interpolation near operators will be simplified
in a future version of Sass. To preserve the current behavior, use quotes:

  unquote("#{lower-bound($medium-range)}")


Completed 200 OK in 25788ms (Views: 25785.8ms | ActiveRecord: 0.0ms)


Started GET "/" for ::1 at 2015-12-14 17:51:24 -0500
Processing by HomesController#index as HTML
  Rendered homes/index.html.erb within layouts/application (0.1ms)
Completed 200 OK in 181ms (Views: 180.6ms | ActiveRecord: 0.0ms)


Started GET "/users/sign_in" for ::1 at 2015-12-14 17:51:28 -0500
Processing by Devise::SessionsController#new as HTML
  Rendered devise/shared/_links.html.erb (3.0ms)
  Rendered devise/sessions/new.html.erb within layouts/application (64.9ms)
Completed 200 OK in 306ms (Views: 280.6ms | ActiveRecord: 7.5ms)


Started GET "/" for ::1 at 2015-12-14 17:51:30 -0500
Processing by HomesController#index as HTML
  Rendered homes/index.html.erb within layouts/application (0.2ms)
Completed 200 OK in 168ms (Views: 167.7ms | ActiveRecord: 0.0ms)


Started GET "/" for ::1 at 2015-12-14 17:51:31 -0500
Processing by HomesController#index as HTML
  Rendered homes/index.html.erb within layouts/application (0.1ms)
Completed 200 OK in 136ms (Views: 135.6ms | ActiveRecord: 0.0ms)


Started GET "/assets/foundation_and_overrides.self-7e499207ba99c207ad0cfb186d8a250eaa8ee3bfc5b3ef45fca23191a3e83223.css?body=1" for ::1 at 2015-12-14 17:51:32 -0500


Started GET "/assets/application.self-167193cd81d9330d9ddb5c4ec7b44214fea529aa8a94f3a86e6526e4f652fc02.css?body=1" for ::1 at 2015-12-14 17:51:32 -0500


Started GET "/assets/jquery.self-a714331225dda820228db323939889f149aec0127aeb06255646b616ba1ca419.js?body=1" for ::1 at 2015-12-14 17:51:32 -0500


Started GET "/assets/foundation/foundation.self-98616d4fb376f824aeb7c868e05e747b97176a864c7da854779ed398828df78f.js?body=1" for ::1 at 2015-12-14 17:51:32 -0500


Started GET "/assets/jquery_ujs.self-d456baa54c1fa6be2ec3711f0a72ddf7a5b2f34a6b4f515f33767d6207b7d4b3.js?body=1" for ::1 at 2015-12-14 17:51:32 -0500


Started GET "/assets/foundation/foundation.accordion.self-02a179f7efde1facecf8a814cae32112c36800ce3d66bafc00c807a56d7b8d46.js?body=1" for ::1 at 2015-12-14 17:51:32 -0500


Started GET "/assets/foundation/foundation.abide.self-670a9b56e37b4b434f79686b8a9862222173d68ec823b20565340e0e87627ca4.js?body=1" for ::1 at 2015-12-14 17:51:32 -0500


Started GET "/assets/foundation/foundation.alert.self-631e4c4124bd543574c5a7f4d5d8b59fdf350f6c11d6201ba8a872e8a0f203b0.js?body=1" for ::1 at 2015-12-14 17:51:32 -0500


Started GET "/assets/foundation/foundation.clearing.self-96397aa6b2d39ff61e9b4ce8486a9f716f9072f2011f1dc99f94a96b381b3830.js?body=1" for ::1 at 2015-12-14 17:51:32 -0500


Started GET "/assets/foundation/foundation.dropdown.self-3e70f72040b183d09b673307b08d1d688a5572c6c8cbb222755945e70ccbb05e.js?body=1" for ::1 at 2015-12-14 17:51:32 -0500


Started GET "/assets/foundation/foundation.equalizer.self-1889be5dfd0e56321a9a6d5fe9d4a94b04602c158f3e4d58419b967c255b999f.js?body=1" for ::1 at 2015-12-14 17:51:32 -0500


Started GET "/assets/foundation/foundation.interchange.self-c6d033cdd9e7fd3f29c067eb7b9ee564f7a6b542650d2ca530ae1e3c529a3c35.js?body=1" for ::1 at 2015-12-14 17:51:32 -0500


Started GET "/assets/foundation/foundation.joyride.self-1f6b19104e2439f1e4353444cb6fb9f7f308563556f167c2154ca3108eb7f77e.js?body=1" for ::1 at 2015-12-14 17:51:32 -0500


Started GET "/assets/foundation/foundation.magellan.self-1fcf75780d5b4db5e97c267810e7c9a5e19a9f0d7b67a2d167074d7cff1d6a70.js?body=1" for ::1 at 2015-12-14 17:51:32 -0500


Started GET "/assets/foundation/foundation.offcanvas.self-2f34a4b91e1e958aefbde46004d6186ee82e018fe95634214749799141339810.js?body=1" for ::1 at 2015-12-14 17:51:32 -0500


Started GET "/assets/foundation/foundation.orbit.self-ba7d30fe424df83b5bc8bc5bb67ea90608759c6eb8212d1475d52b09db0bcd0f.js?body=1" for ::1 at 2015-12-14 17:51:32 -0500


Started GET "/assets/foundation/foundation.reveal.self-5a83316675f14b52f582d67c053ae7977827a5b06459d7e8f5556cbedfba1d0d.js?body=1" for ::1 at 2015-12-14 17:51:32 -0500


Started GET "/assets/foundation/foundation.slider.self-686e8b14e01aeb75ec0980de90956540d2b245324fc58e8c25debafc60300b96.js?body=1" for ::1 at 2015-12-14 17:51:32 -0500


Started GET "/assets/foundation/foundation.tab.self-9b2bd1afa5715ce8f154fa008d0aab44500763e9b336a6d4e5bca96437176a74.js?body=1" for ::1 at 2015-12-14 17:51:32 -0500


Started GET "/assets/foundation/foundation.tooltip.self-dae1db2297f90064e1a8ae7b02b175ca613cc6a2d190aaed548f6ef853f4b46d.js?body=1" for ::1 at 2015-12-14 17:51:32 -0500


Started GET "/assets/foundation/foundation.topbar.self-fa6260890f9f59c821128d066bcfaa18665c816022bafd398d937c367d5e39b7.js?body=1" for ::1 at 2015-12-14 17:51:32 -0500


Started GET "/assets/foundation.self-abe4ee7a105042f73b12b1f1a28788522d2f253445a475a94ab4d6e1f7b0ec52.js?body=1" for ::1 at 2015-12-14 17:51:32 -0500


Started GET "/assets/application.self-1509cb3433bf7f60a75710bd4d8561d25423676b3c4d4a21914940bf07b8869a.js?body=1" for ::1 at 2015-12-14 17:51:32 -0500


Started GET "/" for ::1 at 2015-12-14 17:55:04 -0500
  [1m[36mActiveRecord::SchemaMigration Load (2.5ms)[0m  [1mSELECT "schema_migrations".* FROM "schema_migrations"[0m
Processing by HomesController#index as HTML
  Rendered homes/index.html.erb within layouts/application (3.0ms)
Completed 200 OK in 487ms (Views: 486.8ms | ActiveRecord: 0.0ms)


Started GET "/" for ::1 at 2015-12-14 17:55:24 -0500
Processing by HomesController#index as HTML
  Rendered homes/index.html.erb within layouts/application (0.3ms)
Completed 200 OK in 173ms (Views: 172.3ms | ActiveRecord: 0.0ms)


Started GET "/assets/foundation_and_overrides.self-7e499207ba99c207ad0cfb186d8a250eaa8ee3bfc5b3ef45fca23191a3e83223.css?body=1" for ::1 at 2015-12-14 17:55:24 -0500


Started GET "/assets/jquery.self-a714331225dda820228db323939889f149aec0127aeb06255646b616ba1ca419.js?body=1" for ::1 at 2015-12-14 17:55:24 -0500


Started GET "/assets/foundation/foundation.self-98616d4fb376f824aeb7c868e05e747b97176a864c7da854779ed398828df78f.js?body=1" for ::1 at 2015-12-14 17:55:24 -0500


Started GET "/assets/foundation/foundation.abide.self-670a9b56e37b4b434f79686b8a9862222173d68ec823b20565340e0e87627ca4.js?body=1" for ::1 at 2015-12-14 17:55:24 -0500


Started GET "/assets/application.self-167193cd81d9330d9ddb5c4ec7b44214fea529aa8a94f3a86e6526e4f652fc02.css?body=1" for ::1 at 2015-12-14 17:55:24 -0500


Started GET "/assets/jquery_ujs.self-d456baa54c1fa6be2ec3711f0a72ddf7a5b2f34a6b4f515f33767d6207b7d4b3.js?body=1" for ::1 at 2015-12-14 17:55:24 -0500


Started GET "/assets/foundation/foundation.accordion.self-02a179f7efde1facecf8a814cae32112c36800ce3d66bafc00c807a56d7b8d46.js?body=1" for ::1 at 2015-12-14 17:55:24 -0500


Started GET "/assets/foundation/foundation.alert.self-631e4c4124bd543574c5a7f4d5d8b59fdf350f6c11d6201ba8a872e8a0f203b0.js?body=1" for ::1 at 2015-12-14 17:55:24 -0500


Started GET "/assets/foundation/foundation.clearing.self-96397aa6b2d39ff61e9b4ce8486a9f716f9072f2011f1dc99f94a96b381b3830.js?body=1" for ::1 at 2015-12-14 17:55:24 -0500


Started GET "/assets/foundation/foundation.dropdown.self-3e70f72040b183d09b673307b08d1d688a5572c6c8cbb222755945e70ccbb05e.js?body=1" for ::1 at 2015-12-14 17:55:24 -0500


Started GET "/assets/foundation/foundation.equalizer.self-1889be5dfd0e56321a9a6d5fe9d4a94b04602c158f3e4d58419b967c255b999f.js?body=1" for ::1 at 2015-12-14 17:55:24 -0500


Started GET "/assets/foundation/foundation.interchange.self-c6d033cdd9e7fd3f29c067eb7b9ee564f7a6b542650d2ca530ae1e3c529a3c35.js?body=1" for ::1 at 2015-12-14 17:55:24 -0500


Started GET "/assets/foundation/foundation.joyride.self-1f6b19104e2439f1e4353444cb6fb9f7f308563556f167c2154ca3108eb7f77e.js?body=1" for ::1 at 2015-12-14 17:55:24 -0500


Started GET "/assets/foundation/foundation.magellan.self-1fcf75780d5b4db5e97c267810e7c9a5e19a9f0d7b67a2d167074d7cff1d6a70.js?body=1" for ::1 at 2015-12-14 17:55:24 -0500


Started GET "/assets/foundation/foundation.offcanvas.self-2f34a4b91e1e958aefbde46004d6186ee82e018fe95634214749799141339810.js?body=1" for ::1 at 2015-12-14 17:55:24 -0500


Started GET "/assets/foundation/foundation.orbit.self-ba7d30fe424df83b5bc8bc5bb67ea90608759c6eb8212d1475d52b09db0bcd0f.js?body=1" for ::1 at 2015-12-14 17:55:24 -0500


Started GET "/assets/foundation/foundation.reveal.self-5a83316675f14b52f582d67c053ae7977827a5b06459d7e8f5556cbedfba1d0d.js?body=1" for ::1 at 2015-12-14 17:55:24 -0500


Started GET "/assets/foundation/foundation.slider.self-686e8b14e01aeb75ec0980de90956540d2b245324fc58e8c25debafc60300b96.js?body=1" for ::1 at 2015-12-14 17:55:24 -0500


Started GET "/assets/foundation/foundation.tooltip.self-dae1db2297f90064e1a8ae7b02b175ca613cc6a2d190aaed548f6ef853f4b46d.js?body=1" for ::1 at 2015-12-14 17:55:24 -0500


Started GET "/assets/foundation/foundation.topbar.self-fa6260890f9f59c821128d066bcfaa18665c816022bafd398d937c367d5e39b7.js?body=1" for ::1 at 2015-12-14 17:55:24 -0500


Started GET "/assets/foundation.self-abe4ee7a105042f73b12b1f1a28788522d2f253445a475a94ab4d6e1f7b0ec52.js?body=1" for ::1 at 2015-12-14 17:55:24 -0500


Started GET "/assets/application.self-1509cb3433bf7f60a75710bd4d8561d25423676b3c4d4a21914940bf07b8869a.js?body=1" for ::1 at 2015-12-14 17:55:24 -0500


Started GET "/assets/foundation/foundation.tab.self-9b2bd1afa5715ce8f154fa008d0aab44500763e9b336a6d4e5bca96437176a74.js?body=1" for ::1 at 2015-12-14 17:55:24 -0500
  [1m[36mActiveRecord::SchemaMigration Load (4.7ms)[0m  [1mSELECT "schema_migrations".* FROM "schema_migrations"[0m
Migrating to CreateItems (20151215012746)
  [1m[35m (0.8ms)[0m  BEGIN
  [1m[36m (45.4ms)[0m  [1mCREATE TABLE "items" ("id" serial primary key) [0m
  [1m[35mSQL (1.0ms)[0m  INSERT INTO "schema_migrations" ("version") VALUES ($1)  [["version", "20151215012746"]]
  [1m[36m (1.5ms)[0m  [1mCOMMIT[0m
  [1m[35mActiveRecord::SchemaMigration Load (0.5ms)[0m  SELECT "schema_migrations".* FROM "schema_migrations"
  [1m[36m (6.5ms)[0m  [1mSELECT t2.oid::regclass::text AS to_table, a1.attname AS column, a2.attname AS primary_key, c.conname AS name, c.confupdtype AS on_update, c.confdeltype AS on_delete
FROM pg_constraint c
JOIN pg_class t1 ON c.conrelid = t1.oid
JOIN pg_class t2 ON c.confrelid = t2.oid
JOIN pg_attribute a1 ON a1.attnum = c.conkey[1] AND a1.attrelid = t1.oid
JOIN pg_attribute a2 ON a2.attnum = c.confkey[1] AND a2.attrelid = t2.oid
JOIN pg_namespace t3 ON c.connamespace = t3.oid
WHERE c.contype = 'f'
  AND t1.relname = 'items'
  AND t3.nspname = ANY (current_schemas(false))
ORDER BY c.conname
[0m
  [1m[35m (6.0ms)[0m  SELECT t2.oid::regclass::text AS to_table, a1.attname AS column, a2.attname AS primary_key, c.conname AS name, c.confupdtype AS on_update, c.confdeltype AS on_delete
FROM pg_constraint c
JOIN pg_class t1 ON c.conrelid = t1.oid
JOIN pg_class t2 ON c.confrelid = t2.oid
JOIN pg_attribute a1 ON a1.attnum = c.conkey[1] AND a1.attrelid = t1.oid
JOIN pg_attribute a2 ON a2.attnum = c.confkey[1] AND a2.attrelid = t2.oid
JOIN pg_namespace t3 ON c.connamespace = t3.oid
WHERE c.contype = 'f'
  AND t1.relname = 'users'
  AND t3.nspname = ANY (current_schemas(false))
ORDER BY c.conname

  [1m[36mActiveRecord::SchemaMigration Load (0.6ms)[0m  [1mSELECT "schema_migrations".* FROM "schema_migrations"[0m
  [1m[35mActiveRecord::SchemaMigration Load (0.3ms)[0m  SELECT "schema_migrations".* FROM "schema_migrations"
Migrating to CreateItems (20151215012746)
  [1m[36m (0.2ms)[0m  [1mBEGIN[0m
  [1m[35m (8.3ms)[0m  DROP TABLE "items"
  [1m[36mSQL (0.5ms)[0m  [1mDELETE FROM "schema_migrations" WHERE "schema_migrations"."version" = $1[0m  [["version", "20151215012746"]]
  [1m[35m (1.9ms)[0m  COMMIT
  [1m[36mActiveRecord::SchemaMigration Load (0.4ms)[0m  [1mSELECT "schema_migrations".* FROM "schema_migrations"[0m
  [1m[35m (4.9ms)[0m  SELECT t2.oid::regclass::text AS to_table, a1.attname AS column, a2.attname AS primary_key, c.conname AS name, c.confupdtype AS on_update, c.confdeltype AS on_delete
FROM pg_constraint c
JOIN pg_class t1 ON c.conrelid = t1.oid
JOIN pg_class t2 ON c.confrelid = t2.oid
JOIN pg_attribute a1 ON a1.attnum = c.conkey[1] AND a1.attrelid = t1.oid
JOIN pg_attribute a2 ON a2.attnum = c.confkey[1] AND a2.attrelid = t2.oid
JOIN pg_namespace t3 ON c.connamespace = t3.oid
WHERE c.contype = 'f'
  AND t1.relname = 'users'
  AND t3.nspname = ANY (current_schemas(false))
ORDER BY c.conname

  [1m[36mActiveRecord::SchemaMigration Load (0.6ms)[0m  [1mSELECT "schema_migrations".* FROM "schema_migrations"[0m
Migrating to CreateItems (20151215012746)
  [1m[35m (0.3ms)[0m  BEGIN
  [1m[36m (6.1ms)[0m  [1mCREATE TABLE "items" ("id" serial primary key) [0m
  [1m[35mSQL (0.4ms)[0m  INSERT INTO "schema_migrations" ("version") VALUES ($1)  [["version", "20151215012746"]]
  [1m[36m (0.6ms)[0m  [1mCOMMIT[0m
  [1m[35mActiveRecord::SchemaMigration Load (0.4ms)[0m  SELECT "schema_migrations".* FROM "schema_migrations"
  [1m[36m (5.1ms)[0m  [1mSELECT t2.oid::regclass::text AS to_table, a1.attname AS column, a2.attname AS primary_key, c.conname AS name, c.confupdtype AS on_update, c.confdeltype AS on_delete
FROM pg_constraint c
JOIN pg_class t1 ON c.conrelid = t1.oid
JOIN pg_class t2 ON c.confrelid = t2.oid
JOIN pg_attribute a1 ON a1.attnum = c.conkey[1] AND a1.attrelid = t1.oid
JOIN pg_attribute a2 ON a2.attnum = c.confkey[1] AND a2.attrelid = t2.oid
JOIN pg_namespace t3 ON c.connamespace = t3.oid
WHERE c.contype = 'f'
  AND t1.relname = 'items'
  AND t3.nspname = ANY (current_schemas(false))
ORDER BY c.conname
[0m
  [1m[35m (4.8ms)[0m  SELECT t2.oid::regclass::text AS to_table, a1.attname AS column, a2.attname AS primary_key, c.conname AS name, c.confupdtype AS on_update, c.confdeltype AS on_delete
FROM pg_constraint c
JOIN pg_class t1 ON c.conrelid = t1.oid
JOIN pg_class t2 ON c.confrelid = t2.oid
JOIN pg_attribute a1 ON a1.attnum = c.conkey[1] AND a1.attrelid = t1.oid
JOIN pg_attribute a2 ON a2.attnum = c.confkey[1] AND a2.attrelid = t2.oid
JOIN pg_namespace t3 ON c.connamespace = t3.oid
WHERE c.contype = 'f'
  AND t1.relname = 'users'
  AND t3.nspname = ANY (current_schemas(false))
ORDER BY c.conname

  [1m[36mActiveRecord::SchemaMigration Load (0.6ms)[0m  [1mSELECT "schema_migrations".* FROM "schema_migrations"[0m
  [1m[35mActiveRecord::SchemaMigration Load (0.3ms)[0m  SELECT "schema_migrations".* FROM "schema_migrations"
Migrating to CreateItems (20151215012746)
  [1m[36m (0.3ms)[0m  [1mBEGIN[0m
  [1m[35m (2.2ms)[0m  DROP TABLE "items"
  [1m[36mSQL (0.6ms)[0m  [1mDELETE FROM "schema_migrations" WHERE "schema_migrations"."version" = $1[0m  [["version", "20151215012746"]]
  [1m[35m (2.8ms)[0m  COMMIT
  [1m[36mActiveRecord::SchemaMigration Load (0.5ms)[0m  [1mSELECT "schema_migrations".* FROM "schema_migrations"[0m
  [1m[35m (8.0ms)[0m  SELECT t2.oid::regclass::text AS to_table, a1.attname AS column, a2.attname AS primary_key, c.conname AS name, c.confupdtype AS on_update, c.confdeltype AS on_delete
FROM pg_constraint c
JOIN pg_class t1 ON c.conrelid = t1.oid
JOIN pg_class t2 ON c.confrelid = t2.oid
JOIN pg_attribute a1 ON a1.attnum = c.conkey[1] AND a1.attrelid = t1.oid
JOIN pg_attribute a2 ON a2.attnum = c.confkey[1] AND a2.attrelid = t2.oid
JOIN pg_namespace t3 ON c.connamespace = t3.oid
WHERE c.contype = 'f'
  AND t1.relname = 'users'
  AND t3.nspname = ANY (current_schemas(false))
ORDER BY c.conname

  [1m[36mActiveRecord::SchemaMigration Load (0.5ms)[0m  [1mSELECT "schema_migrations".* FROM "schema_migrations"[0m
Migrating to CreateItems (20151215012746)
  [1m[35m (0.3ms)[0m  BEGIN
  [1m[36m (8.0ms)[0m  [1mCREATE TABLE "items" ("id" serial primary key, "name" character varying, "price" character varying, "created_at" timestamp NOT NULL, "updated_at" timestamp NOT NULL) [0m
  [1m[35mSQL (0.5ms)[0m  INSERT INTO "schema_migrations" ("version") VALUES ($1)  [["version", "20151215012746"]]
  [1m[36m (1.1ms)[0m  [1mCOMMIT[0m
  [1m[35mActiveRecord::SchemaMigration Load (0.5ms)[0m  SELECT "schema_migrations".* FROM "schema_migrations"
  [1m[36m (4.8ms)[0m  [1mSELECT t2.oid::regclass::text AS to_table, a1.attname AS column, a2.attname AS primary_key, c.conname AS name, c.confupdtype AS on_update, c.confdeltype AS on_delete
FROM pg_constraint c
JOIN pg_class t1 ON c.conrelid = t1.oid
JOIN pg_class t2 ON c.confrelid = t2.oid
JOIN pg_attribute a1 ON a1.attnum = c.conkey[1] AND a1.attrelid = t1.oid
JOIN pg_attribute a2 ON a2.attnum = c.confkey[1] AND a2.attrelid = t2.oid
JOIN pg_namespace t3 ON c.connamespace = t3.oid
WHERE c.contype = 'f'
  AND t1.relname = 'items'
  AND t3.nspname = ANY (current_schemas(false))
ORDER BY c.conname
[0m
  [1m[35m (7.7ms)[0m  SELECT t2.oid::regclass::text AS to_table, a1.attname AS column, a2.attname AS primary_key, c.conname AS name, c.confupdtype AS on_update, c.confdeltype AS on_delete
FROM pg_constraint c
JOIN pg_class t1 ON c.conrelid = t1.oid
JOIN pg_class t2 ON c.confrelid = t2.oid
JOIN pg_attribute a1 ON a1.attnum = c.conkey[1] AND a1.attrelid = t1.oid
JOIN pg_attribute a2 ON a2.attnum = c.confkey[1] AND a2.attrelid = t2.oid
JOIN pg_namespace t3 ON c.connamespace = t3.oid
WHERE c.contype = 'f'
  AND t1.relname = 'users'
  AND t3.nspname = ANY (current_schemas(false))
ORDER BY c.conname



Started GET "/" for ::1 at 2015-12-14 20:39:08 -0500
  [1m[36mActiveRecord::SchemaMigration Load (0.9ms)[0m  [1mSELECT "schema_migrations".* FROM "schema_migrations"[0m
Processing by HomesController#index as HTML
  Rendered homes/index.html.erb within layouts/application (1.9ms)
Completed 200 OK in 440ms (Views: 439.6ms | ActiveRecord: 0.0ms)


Started GET "/items" for ::1 at 2015-12-14 20:39:15 -0500
Processing by ItemsController#index as HTML
  Rendered items/index.html.erb within layouts/application (0.7ms)
Completed 200 OK in 142ms (Views: 142.1ms | ActiveRecord: 0.0ms)


Started GET "/" for ::1 at 2015-12-14 20:45:52 -0500
  [1m[36mActiveRecord::SchemaMigration Load (0.8ms)[0m  [1mSELECT "schema_migrations".* FROM "schema_migrations"[0m
Processing by HomesController#index as HTML
  Rendered homes/index.html.erb within layouts/application (2.3ms)
Completed 200 OK in 441ms (Views: 441.1ms | ActiveRecord: 0.0ms)


Started GET "/items" for ::1 at 2015-12-14 20:45:57 -0500
Processing by ItemsController#index as HTML
Completed 500 Internal Server Error in 3ms (ActiveRecord: 0.0ms)

LoadError (Unable to autoload constant Item, expected /Users/paulyun/fun/buylist/app/models/item.rb to define it):
  app/controllers/items_controller.rb:3:in `index'


  Rendered /Users/paulyun/.gem/ruby/2.2.0/gems/actionpack-4.2.3/lib/action_dispatch/middleware/templates/rescues/_source.erb (5.6ms)
  Rendered /Users/paulyun/.gem/ruby/2.2.0/gems/actionpack-4.2.3/lib/action_dispatch/middleware/templates/rescues/_trace.html.erb (4.4ms)
  Rendered /Users/paulyun/.gem/ruby/2.2.0/gems/actionpack-4.2.3/lib/action_dispatch/middleware/templates/rescues/_request_and_response.html.erb (2.4ms)
  Rendered /Users/paulyun/.gem/ruby/2.2.0/gems/actionpack-4.2.3/lib/action_dispatch/middleware/templates/rescues/diagnostics.html.erb within rescues/layout (66.1ms)
  Rendered /Users/paulyun/.gem/ruby/2.2.0/gems/web-console-2.2.1/lib/web_console/templates/_markup.html.erb (0.8ms)
  Rendered /Users/paulyun/.gem/ruby/2.2.0/gems/web-console-2.2.1/lib/web_console/templates/_inner_console_markup.html.erb within layouts/inlined_string (0.6ms)
  Rendered /Users/paulyun/.gem/ruby/2.2.0/gems/web-console-2.2.1/lib/web_console/templates/_prompt_box_markup.html.erb within layouts/inlined_string (0.4ms)
  Rendered /Users/paulyun/.gem/ruby/2.2.0/gems/web-console-2.2.1/lib/web_console/templates/style.css.erb within layouts/inlined_string (0.8ms)
  Rendered /Users/paulyun/.gem/ruby/2.2.0/gems/web-console-2.2.1/lib/web_console/templates/console.js.erb within layouts/javascript (61.6ms)
  Rendered /Users/paulyun/.gem/ruby/2.2.0/gems/web-console-2.2.1/lib/web_console/templates/main.js.erb within layouts/javascript (0.6ms)
  Rendered /Users/paulyun/.gem/ruby/2.2.0/gems/web-console-2.2.1/lib/web_console/templates/error_page.js.erb within layouts/javascript (0.6ms)
  Rendered /Users/paulyun/.gem/ruby/2.2.0/gems/web-console-2.2.1/lib/web_console/templates/index.html.erb (136.8ms)


Started GET "/items" for ::1 at 2015-12-14 20:47:29 -0500
  [1m[36mActiveRecord::SchemaMigration Load (0.6ms)[0m  [1mSELECT "schema_migrations".* FROM "schema_migrations"[0m
Processing by ItemsController#index as HTML
  Rendered items/index.html.erb within layouts/application (1.4ms)
Completed 200 OK in 389ms (Views: 387.8ms | ActiveRecord: 0.0ms)


Started GET "/assets/application.self-167193cd81d9330d9ddb5c4ec7b44214fea529aa8a94f3a86e6526e4f652fc02.css?body=1" for ::1 at 2015-12-14 20:47:30 -0500


Started GET "/assets/foundation_and_overrides.self-7e499207ba99c207ad0cfb186d8a250eaa8ee3bfc5b3ef45fca23191a3e83223.css?body=1" for ::1 at 2015-12-14 20:47:30 -0500


Started GET "/assets/jquery.self-a714331225dda820228db323939889f149aec0127aeb06255646b616ba1ca419.js?body=1" for ::1 at 2015-12-14 20:47:30 -0500


Started GET "/assets/foundation/foundation.self-98616d4fb376f824aeb7c868e05e747b97176a864c7da854779ed398828df78f.js?body=1" for ::1 at 2015-12-14 20:47:30 -0500


Started GET "/assets/jquery_ujs.self-d456baa54c1fa6be2ec3711f0a72ddf7a5b2f34a6b4f515f33767d6207b7d4b3.js?body=1" for ::1 at 2015-12-14 20:47:30 -0500


Started GET "/assets/foundation/foundation.abide.self-670a9b56e37b4b434f79686b8a9862222173d68ec823b20565340e0e87627ca4.js?body=1" for ::1 at 2015-12-14 20:47:30 -0500


Started GET "/assets/foundation/foundation.accordion.self-02a179f7efde1facecf8a814cae32112c36800ce3d66bafc00c807a56d7b8d46.js?body=1" for ::1 at 2015-12-14 20:47:30 -0500


Started GET "/assets/foundation/foundation.clearing.self-96397aa6b2d39ff61e9b4ce8486a9f716f9072f2011f1dc99f94a96b381b3830.js?body=1" for ::1 at 2015-12-14 20:47:30 -0500


Started GET "/assets/foundation/foundation.dropdown.self-3e70f72040b183d09b673307b08d1d688a5572c6c8cbb222755945e70ccbb05e.js?body=1" for ::1 at 2015-12-14 20:47:30 -0500


Started GET "/assets/foundation/foundation.alert.self-631e4c4124bd543574c5a7f4d5d8b59fdf350f6c11d6201ba8a872e8a0f203b0.js?body=1" for ::1 at 2015-12-14 20:47:30 -0500


Started GET "/assets/foundation/foundation.equalizer.self-1889be5dfd0e56321a9a6d5fe9d4a94b04602c158f3e4d58419b967c255b999f.js?body=1" for ::1 at 2015-12-14 20:47:30 -0500


Started GET "/assets/foundation/foundation.interchange.self-c6d033cdd9e7fd3f29c067eb7b9ee564f7a6b542650d2ca530ae1e3c529a3c35.js?body=1" for ::1 at 2015-12-14 20:47:30 -0500


Started GET "/assets/foundation/foundation.joyride.self-1f6b19104e2439f1e4353444cb6fb9f7f308563556f167c2154ca3108eb7f77e.js?body=1" for ::1 at 2015-12-14 20:47:30 -0500


Started GET "/assets/foundation/foundation.magellan.self-1fcf75780d5b4db5e97c267810e7c9a5e19a9f0d7b67a2d167074d7cff1d6a70.js?body=1" for ::1 at 2015-12-14 20:47:30 -0500


Started GET "/assets/foundation/foundation.offcanvas.self-2f34a4b91e1e958aefbde46004d6186ee82e018fe95634214749799141339810.js?body=1" for ::1 at 2015-12-14 20:47:30 -0500


Started GET "/assets/foundation/foundation.orbit.self-ba7d30fe424df83b5bc8bc5bb67ea90608759c6eb8212d1475d52b09db0bcd0f.js?body=1" for ::1 at 2015-12-14 20:47:30 -0500


Started GET "/assets/foundation/foundation.reveal.self-5a83316675f14b52f582d67c053ae7977827a5b06459d7e8f5556cbedfba1d0d.js?body=1" for ::1 at 2015-12-14 20:47:30 -0500


Started GET "/assets/foundation/foundation.slider.self-686e8b14e01aeb75ec0980de90956540d2b245324fc58e8c25debafc60300b96.js?body=1" for ::1 at 2015-12-14 20:47:30 -0500


Started GET "/assets/foundation/foundation.tab.self-9b2bd1afa5715ce8f154fa008d0aab44500763e9b336a6d4e5bca96437176a74.js?body=1" for ::1 at 2015-12-14 20:47:30 -0500


Started GET "/assets/foundation/foundation.tooltip.self-dae1db2297f90064e1a8ae7b02b175ca613cc6a2d190aaed548f6ef853f4b46d.js?body=1" for ::1 at 2015-12-14 20:47:30 -0500


Started GET "/assets/foundation/foundation.topbar.self-fa6260890f9f59c821128d066bcfaa18665c816022bafd398d937c367d5e39b7.js?body=1" for ::1 at 2015-12-14 20:47:30 -0500


Started GET "/assets/foundation.self-abe4ee7a105042f73b12b1f1a28788522d2f253445a475a94ab4d6e1f7b0ec52.js?body=1" for ::1 at 2015-12-14 20:47:30 -0500


Started GET "/assets/application.self-1509cb3433bf7f60a75710bd4d8561d25423676b3c4d4a21914940bf07b8869a.js?body=1" for ::1 at 2015-12-14 20:47:30 -0500


Started GET "/items" for ::1 at 2015-12-14 20:47:58 -0500
Processing by ItemsController#index as HTML
  Rendered items/index.html.erb within layouts/application (0.7ms)
Completed 200 OK in 117ms (Views: 116.6ms | ActiveRecord: 0.0ms)


Started GET "/assets/foundation_and_overrides.self-7e499207ba99c207ad0cfb186d8a250eaa8ee3bfc5b3ef45fca23191a3e83223.css?body=1" for ::1 at 2015-12-14 20:47:58 -0500


Started GET "/assets/jquery.self-a714331225dda820228db323939889f149aec0127aeb06255646b616ba1ca419.js?body=1" for ::1 at 2015-12-14 20:47:59 -0500


Started GET "/assets/application.self-167193cd81d9330d9ddb5c4ec7b44214fea529aa8a94f3a86e6526e4f652fc02.css?body=1" for ::1 at 2015-12-14 20:47:59 -0500


Started GET "/assets/jquery_ujs.self-d456baa54c1fa6be2ec3711f0a72ddf7a5b2f34a6b4f515f33767d6207b7d4b3.js?body=1" for ::1 at 2015-12-14 20:47:59 -0500


Started GET "/assets/foundation/foundation.abide.self-670a9b56e37b4b434f79686b8a9862222173d68ec823b20565340e0e87627ca4.js?body=1" for ::1 at 2015-12-14 20:47:59 -0500


Started GET "/assets/foundation/foundation.accordion.self-02a179f7efde1facecf8a814cae32112c36800ce3d66bafc00c807a56d7b8d46.js?body=1" for ::1 at 2015-12-14 20:47:59 -0500


Started GET "/assets/foundation/foundation.alert.self-631e4c4124bd543574c5a7f4d5d8b59fdf350f6c11d6201ba8a872e8a0f203b0.js?body=1" for ::1 at 2015-12-14 20:47:59 -0500


Started GET "/assets/foundation/foundation.self-98616d4fb376f824aeb7c868e05e747b97176a864c7da854779ed398828df78f.js?body=1" for ::1 at 2015-12-14 20:47:59 -0500


Started GET "/assets/foundation/foundation.clearing.self-96397aa6b2d39ff61e9b4ce8486a9f716f9072f2011f1dc99f94a96b381b3830.js?body=1" for ::1 at 2015-12-14 20:47:59 -0500


Started GET "/assets/foundation/foundation.dropdown.self-3e70f72040b183d09b673307b08d1d688a5572c6c8cbb222755945e70ccbb05e.js?body=1" for ::1 at 2015-12-14 20:47:59 -0500


Started GET "/assets/foundation/foundation.equalizer.self-1889be5dfd0e56321a9a6d5fe9d4a94b04602c158f3e4d58419b967c255b999f.js?body=1" for ::1 at 2015-12-14 20:47:59 -0500


Started GET "/assets/foundation/foundation.interchange.self-c6d033cdd9e7fd3f29c067eb7b9ee564f7a6b542650d2ca530ae1e3c529a3c35.js?body=1" for ::1 at 2015-12-14 20:47:59 -0500


Started GET "/assets/foundation/foundation.joyride.self-1f6b19104e2439f1e4353444cb6fb9f7f308563556f167c2154ca3108eb7f77e.js?body=1" for ::1 at 2015-12-14 20:47:59 -0500


Started GET "/assets/foundation/foundation.magellan.self-1fcf75780d5b4db5e97c267810e7c9a5e19a9f0d7b67a2d167074d7cff1d6a70.js?body=1" for ::1 at 2015-12-14 20:47:59 -0500


Started GET "/assets/foundation/foundation.offcanvas.self-2f34a4b91e1e958aefbde46004d6186ee82e018fe95634214749799141339810.js?body=1" for ::1 at 2015-12-14 20:47:59 -0500


Started GET "/assets/foundation/foundation.orbit.self-ba7d30fe424df83b5bc8bc5bb67ea90608759c6eb8212d1475d52b09db0bcd0f.js?body=1" for ::1 at 2015-12-14 20:47:59 -0500


Started GET "/assets/foundation/foundation.reveal.self-5a83316675f14b52f582d67c053ae7977827a5b06459d7e8f5556cbedfba1d0d.js?body=1" for ::1 at 2015-12-14 20:47:59 -0500


Started GET "/assets/foundation/foundation.slider.self-686e8b14e01aeb75ec0980de90956540d2b245324fc58e8c25debafc60300b96.js?body=1" for ::1 at 2015-12-14 20:47:59 -0500


Started GET "/assets/foundation/foundation.tab.self-9b2bd1afa5715ce8f154fa008d0aab44500763e9b336a6d4e5bca96437176a74.js?body=1" for ::1 at 2015-12-14 20:47:59 -0500


Started GET "/assets/foundation/foundation.tooltip.self-dae1db2297f90064e1a8ae7b02b175ca613cc6a2d190aaed548f6ef853f4b46d.js?body=1" for ::1 at 2015-12-14 20:47:59 -0500


Started GET "/assets/foundation/foundation.topbar.self-fa6260890f9f59c821128d066bcfaa18665c816022bafd398d937c367d5e39b7.js?body=1" for ::1 at 2015-12-14 20:47:59 -0500


Started GET "/assets/foundation.self-abe4ee7a105042f73b12b1f1a28788522d2f253445a475a94ab4d6e1f7b0ec52.js?body=1" for ::1 at 2015-12-14 20:47:59 -0500


Started GET "/assets/application.self-1509cb3433bf7f60a75710bd4d8561d25423676b3c4d4a21914940bf07b8869a.js?body=1" for ::1 at 2015-12-14 20:47:59 -0500


Started GET "/items/new" for ::1 at 2015-12-14 20:48:00 -0500
Processing by ItemsController#new as HTML
Completed 500 Internal Server Error in 21ms (ActiveRecord: 5.1ms)

ActionView::MissingTemplate (Missing template items/new, application/new with {:locale=>[:en], :formats=>[:html], :variants=>[], :handlers=>[:erb, :builder, :raw, :ruby, :coffee, :jbuilder]}. Searched in:
  * "/Users/paulyun/fun/buylist/app/views"
  * "/Users/paulyun/.gem/ruby/2.2.0/gems/foundation-rails-5.5.3.2/app/views"
  * "/Users/paulyun/.gem/ruby/2.2.0/gems/devise-3.5.3/app/views"
):
  actionview (4.2.3) lib/action_view/path_set.rb:46:in `find'
  actionview (4.2.3) lib/action_view/lookup_context.rb:121:in `find'
  actionview (4.2.3) lib/action_view/renderer/abstract_renderer.rb:18:in `find_template'
  actionview (4.2.3) lib/action_view/renderer/template_renderer.rb:40:in `determine_template'
  actionview (4.2.3) lib/action_view/renderer/template_renderer.rb:8:in `render'
  actionview (4.2.3) lib/action_view/renderer/renderer.rb:42:in `render_template'
  actionview (4.2.3) lib/action_view/renderer/renderer.rb:23:in `render'
  actionview (4.2.3) lib/action_view/rendering.rb:100:in `_render_template'
  actionpack (4.2.3) lib/action_controller/metal/streaming.rb:217:in `_render_template'
  actionview (4.2.3) lib/action_view/rendering.rb:83:in `render_to_body'
  actionpack (4.2.3) lib/action_controller/metal/rendering.rb:32:in `render_to_body'
  actionpack (4.2.3) lib/action_controller/metal/renderers.rb:37:in `render_to_body'
  actionpack (4.2.3) lib/abstract_controller/rendering.rb:25:in `render'
  actionpack (4.2.3) lib/action_controller/metal/rendering.rb:16:in `render'
  actionpack (4.2.3) lib/action_controller/metal/instrumentation.rb:44:in `block (2 levels) in render'
  activesupport (4.2.3) lib/active_support/core_ext/benchmark.rb:12:in `block in ms'
  /Users/paulyun/.rubies/ruby-2.2.0/lib/ruby/2.2.0/benchmark.rb:303:in `realtime'
  activesupport (4.2.3) lib/active_support/core_ext/benchmark.rb:12:in `ms'
  actionpack (4.2.3) lib/action_controller/metal/instrumentation.rb:44:in `block in render'
  actionpack (4.2.3) lib/action_controller/metal/instrumentation.rb:87:in `cleanup_view_runtime'
  activerecord (4.2.3) lib/active_record/railties/controller_runtime.rb:25:in `cleanup_view_runtime'
  actionpack (4.2.3) lib/action_controller/metal/instrumentation.rb:43:in `render'
  actionpack (4.2.3) lib/action_controller/metal/implicit_render.rb:10:in `default_render'
  actionpack (4.2.3) lib/action_controller/metal/implicit_render.rb:5:in `send_action'
  actionpack (4.2.3) lib/abstract_controller/base.rb:198:in `process_action'
  actionpack (4.2.3) lib/action_controller/metal/rendering.rb:10:in `process_action'
  actionpack (4.2.3) lib/abstract_controller/callbacks.rb:20:in `block in process_action'
  activesupport (4.2.3) lib/active_support/callbacks.rb:115:in `call'
  activesupport (4.2.3) lib/active_support/callbacks.rb:115:in `call'
  activesupport (4.2.3) lib/active_support/callbacks.rb:553:in `block (2 levels) in compile'
  activesupport (4.2.3) lib/active_support/callbacks.rb:503:in `call'
  activesupport (4.2.3) lib/active_support/callbacks.rb:503:in `call'
  activesupport (4.2.3) lib/active_support/callbacks.rb:88:in `run_callbacks'
  actionpack (4.2.3) lib/abstract_controller/callbacks.rb:19:in `process_action'
  actionpack (4.2.3) lib/action_controller/metal/rescue.rb:29:in `process_action'
  actionpack (4.2.3) lib/action_controller/metal/instrumentation.rb:32:in `block in process_action'
  activesupport (4.2.3) lib/active_support/notifications.rb:164:in `block in instrument'
  activesupport (4.2.3) lib/active_support/notifications/instrumenter.rb:20:in `instrument'
  activesupport (4.2.3) lib/active_support/notifications.rb:164:in `instrument'
  actionpack (4.2.3) lib/action_controller/metal/instrumentation.rb:30:in `process_action'
  actionpack (4.2.3) lib/action_controller/metal/params_wrapper.rb:250:in `process_action'
  activerecord (4.2.3) lib/active_record/railties/controller_runtime.rb:18:in `process_action'
  actionpack (4.2.3) lib/abstract_controller/base.rb:137:in `process'
  actionview (4.2.3) lib/action_view/rendering.rb:30:in `process'
  actionpack (4.2.3) lib/action_controller/metal.rb:196:in `dispatch'
  actionpack (4.2.3) lib/action_controller/metal/rack_delegation.rb:13:in `dispatch'
  actionpack (4.2.3) lib/action_controller/metal.rb:237:in `block in action'
  actionpack (4.2.3) lib/action_dispatch/routing/route_set.rb:76:in `call'
  actionpack (4.2.3) lib/action_dispatch/routing/route_set.rb:76:in `dispatch'
  actionpack (4.2.3) lib/action_dispatch/routing/route_set.rb:45:in `serve'
  actionpack (4.2.3) lib/action_dispatch/journey/router.rb:43:in `block in serve'
  actionpack (4.2.3) lib/action_dispatch/journey/router.rb:30:in `each'
  actionpack (4.2.3) lib/action_dispatch/journey/router.rb:30:in `serve'
  actionpack (4.2.3) lib/action_dispatch/routing/route_set.rb:821:in `call'
  warden (1.2.4) lib/warden/manager.rb:35:in `block in call'
  warden (1.2.4) lib/warden/manager.rb:34:in `catch'
  warden (1.2.4) lib/warden/manager.rb:34:in `call'
  rack (1.6.4) lib/rack/etag.rb:24:in `call'
  rack (1.6.4) lib/rack/conditionalget.rb:25:in `call'
  rack (1.6.4) lib/rack/head.rb:13:in `call'
  actionpack (4.2.3) lib/action_dispatch/middleware/params_parser.rb:27:in `call'
  actionpack (4.2.3) lib/action_dispatch/middleware/flash.rb:260:in `call'
  rack (1.6.4) lib/rack/session/abstract/id.rb:225:in `context'
  rack (1.6.4) lib/rack/session/abstract/id.rb:220:in `call'
  actionpack (4.2.3) lib/action_dispatch/middleware/cookies.rb:560:in `call'
  activerecord (4.2.3) lib/active_record/query_cache.rb:36:in `call'
  activerecord (4.2.3) lib/active_record/connection_adapters/abstract/connection_pool.rb:653:in `call'
  activerecord (4.2.3) lib/active_record/migration.rb:377:in `call'
  actionpack (4.2.3) lib/action_dispatch/middleware/callbacks.rb:29:in `block in call'
  activesupport (4.2.3) lib/active_support/callbacks.rb:84:in `run_callbacks'
  actionpack (4.2.3) lib/action_dispatch/middleware/callbacks.rb:27:in `call'
  actionpack (4.2.3) lib/action_dispatch/middleware/reloader.rb:73:in `call'
  actionpack (4.2.3) lib/action_dispatch/middleware/remote_ip.rb:78:in `call'
  actionpack (4.2.3) lib/action_dispatch/middleware/debug_exceptions.rb:17:in `call'
  web-console (2.2.1) lib/web_console/middleware.rb:39:in `call'
  actionpack (4.2.3) lib/action_dispatch/middleware/show_exceptions.rb:30:in `call'
  railties (4.2.3) lib/rails/rack/logger.rb:38:in `call_app'
  railties (4.2.3) lib/rails/rack/logger.rb:20:in `block in call'
  activesupport (4.2.3) lib/active_support/tagged_logging.rb:68:in `block in tagged'
  activesupport (4.2.3) lib/active_support/tagged_logging.rb:26:in `tagged'
  activesupport (4.2.3) lib/active_support/tagged_logging.rb:68:in `tagged'
  railties (4.2.3) lib/rails/rack/logger.rb:20:in `call'
  actionpack (4.2.3) lib/action_dispatch/middleware/request_id.rb:21:in `call'
  rack (1.6.4) lib/rack/methodoverride.rb:22:in `call'
  rack (1.6.4) lib/rack/runtime.rb:18:in `call'
  activesupport (4.2.3) lib/active_support/cache/strategy/local_cache_middleware.rb:28:in `call'
  rack (1.6.4) lib/rack/lock.rb:17:in `call'
  actionpack (4.2.3) lib/action_dispatch/middleware/static.rb:116:in `call'
  rack (1.6.4) lib/rack/sendfile.rb:113:in `call'
  railties (4.2.3) lib/rails/engine.rb:518:in `call'
  railties (4.2.3) lib/rails/application.rb:165:in `call'
  rack (1.6.4) lib/rack/lock.rb:17:in `call'
  rack (1.6.4) lib/rack/content_length.rb:15:in `call'
  rack (1.6.4) lib/rack/handler/webrick.rb:88:in `service'
  /Users/paulyun/.rubies/ruby-2.2.0/lib/ruby/2.2.0/webrick/httpserver.rb:138:in `service'
  /Users/paulyun/.rubies/ruby-2.2.0/lib/ruby/2.2.0/webrick/httpserver.rb:94:in `run'
  /Users/paulyun/.rubies/ruby-2.2.0/lib/ruby/2.2.0/webrick/server.rb:294:in `block in start_thread'


  Rendered /Users/paulyun/.gem/ruby/2.2.0/gems/actionpack-4.2.3/lib/action_dispatch/middleware/templates/rescues/_source.erb (6.7ms)
  Rendered /Users/paulyun/.gem/ruby/2.2.0/gems/actionpack-4.2.3/lib/action_dispatch/middleware/templates/rescues/_trace.html.erb (4.1ms)
  Rendered /Users/paulyun/.gem/ruby/2.2.0/gems/actionpack-4.2.3/lib/action_dispatch/middleware/templates/rescues/_request_and_response.html.erb (2.4ms)
  Rendered /Users/paulyun/.gem/ruby/2.2.0/gems/actionpack-4.2.3/lib/action_dispatch/middleware/templates/rescues/missing_template.html.erb within rescues/layout (65.3ms)
  Rendered /Users/paulyun/.gem/ruby/2.2.0/gems/web-console-2.2.1/lib/web_console/templates/_markup.html.erb (0.7ms)
  Rendered /Users/paulyun/.gem/ruby/2.2.0/gems/web-console-2.2.1/lib/web_console/templates/_inner_console_markup.html.erb within layouts/inlined_string (0.5ms)
  Rendered /Users/paulyun/.gem/ruby/2.2.0/gems/web-console-2.2.1/lib/web_console/templates/_prompt_box_markup.html.erb within layouts/inlined_string (0.6ms)
  Rendered /Users/paulyun/.gem/ruby/2.2.0/gems/web-console-2.2.1/lib/web_console/templates/style.css.erb within layouts/inlined_string (0.4ms)
  Rendered /Users/paulyun/.gem/ruby/2.2.0/gems/web-console-2.2.1/lib/web_console/templates/console.js.erb within layouts/javascript (52.8ms)
  Rendered /Users/paulyun/.gem/ruby/2.2.0/gems/web-console-2.2.1/lib/web_console/templates/main.js.erb within layouts/javascript (0.5ms)
  Rendered /Users/paulyun/.gem/ruby/2.2.0/gems/web-console-2.2.1/lib/web_console/templates/error_page.js.erb within layouts/javascript (0.9ms)
  Rendered /Users/paulyun/.gem/ruby/2.2.0/gems/web-console-2.2.1/lib/web_console/templates/index.html.erb (124.3ms)


Started GET "/items/new" for ::1 at 2015-12-14 20:49:29 -0500
Processing by ItemsController#new as HTML
  Rendered items/new.html.erb within layouts/application (17.8ms)
Completed 200 OK in 131ms (Views: 131.0ms | ActiveRecord: 0.0ms)


Started GET "/assets/foundation_and_overrides.self-7e499207ba99c207ad0cfb186d8a250eaa8ee3bfc5b3ef45fca23191a3e83223.css?body=1" for ::1 at 2015-12-14 20:49:29 -0500


Started GET "/assets/jquery.self-a714331225dda820228db323939889f149aec0127aeb06255646b616ba1ca419.js?body=1" for ::1 at 2015-12-14 20:49:29 -0500


Started GET "/assets/jquery_ujs.self-d456baa54c1fa6be2ec3711f0a72ddf7a5b2f34a6b4f515f33767d6207b7d4b3.js?body=1" for ::1 at 2015-12-14 20:49:29 -0500


Started GET "/assets/application.self-167193cd81d9330d9ddb5c4ec7b44214fea529aa8a94f3a86e6526e4f652fc02.css?body=1" for ::1 at 2015-12-14 20:49:29 -0500


Started GET "/assets/foundation/foundation.abide.self-670a9b56e37b4b434f79686b8a9862222173d68ec823b20565340e0e87627ca4.js?body=1" for ::1 at 2015-12-14 20:49:29 -0500


Started GET "/assets/foundation/foundation.accordion.self-02a179f7efde1facecf8a814cae32112c36800ce3d66bafc00c807a56d7b8d46.js?body=1" for ::1 at 2015-12-14 20:49:29 -0500


Started GET "/assets/foundation/foundation.self-98616d4fb376f824aeb7c868e05e747b97176a864c7da854779ed398828df78f.js?body=1" for ::1 at 2015-12-14 20:49:29 -0500


Started GET "/assets/foundation/foundation.alert.self-631e4c4124bd543574c5a7f4d5d8b59fdf350f6c11d6201ba8a872e8a0f203b0.js?body=1" for ::1 at 2015-12-14 20:49:29 -0500


Started GET "/assets/foundation/foundation.clearing.self-96397aa6b2d39ff61e9b4ce8486a9f716f9072f2011f1dc99f94a96b381b3830.js?body=1" for ::1 at 2015-12-14 20:49:29 -0500


Started GET "/assets/foundation/foundation.dropdown.self-3e70f72040b183d09b673307b08d1d688a5572c6c8cbb222755945e70ccbb05e.js?body=1" for ::1 at 2015-12-14 20:49:29 -0500


Started GET "/assets/foundation/foundation.equalizer.self-1889be5dfd0e56321a9a6d5fe9d4a94b04602c158f3e4d58419b967c255b999f.js?body=1" for ::1 at 2015-12-14 20:49:29 -0500


Started GET "/assets/foundation/foundation.interchange.self-c6d033cdd9e7fd3f29c067eb7b9ee564f7a6b542650d2ca530ae1e3c529a3c35.js?body=1" for ::1 at 2015-12-14 20:49:29 -0500


Started GET "/assets/foundation/foundation.joyride.self-1f6b19104e2439f1e4353444cb6fb9f7f308563556f167c2154ca3108eb7f77e.js?body=1" for ::1 at 2015-12-14 20:49:29 -0500


Started GET "/assets/foundation/foundation.magellan.self-1fcf75780d5b4db5e97c267810e7c9a5e19a9f0d7b67a2d167074d7cff1d6a70.js?body=1" for ::1 at 2015-12-14 20:49:29 -0500


Started GET "/assets/foundation/foundation.offcanvas.self-2f34a4b91e1e958aefbde46004d6186ee82e018fe95634214749799141339810.js?body=1" for ::1 at 2015-12-14 20:49:29 -0500


Started GET "/assets/foundation/foundation.orbit.self-ba7d30fe424df83b5bc8bc5bb67ea90608759c6eb8212d1475d52b09db0bcd0f.js?body=1" for ::1 at 2015-12-14 20:49:30 -0500


Started GET "/assets/foundation/foundation.reveal.self-5a83316675f14b52f582d67c053ae7977827a5b06459d7e8f5556cbedfba1d0d.js?body=1" for ::1 at 2015-12-14 20:49:30 -0500


Started GET "/assets/foundation/foundation.slider.self-686e8b14e01aeb75ec0980de90956540d2b245324fc58e8c25debafc60300b96.js?body=1" for ::1 at 2015-12-14 20:49:30 -0500


Started GET "/assets/foundation/foundation.tab.self-9b2bd1afa5715ce8f154fa008d0aab44500763e9b336a6d4e5bca96437176a74.js?body=1" for ::1 at 2015-12-14 20:49:30 -0500


Started GET "/assets/foundation/foundation.tooltip.self-dae1db2297f90064e1a8ae7b02b175ca613cc6a2d190aaed548f6ef853f4b46d.js?body=1" for ::1 at 2015-12-14 20:49:30 -0500


Started GET "/assets/foundation/foundation.topbar.self-fa6260890f9f59c821128d066bcfaa18665c816022bafd398d937c367d5e39b7.js?body=1" for ::1 at 2015-12-14 20:49:30 -0500


Started GET "/assets/foundation.self-abe4ee7a105042f73b12b1f1a28788522d2f253445a475a94ab4d6e1f7b0ec52.js?body=1" for ::1 at 2015-12-14 20:49:30 -0500


Started GET "/assets/application.self-1509cb3433bf7f60a75710bd4d8561d25423676b3c4d4a21914940bf07b8869a.js?body=1" for ::1 at 2015-12-14 20:49:30 -0500


Started GET "/items" for ::1 at 2015-12-14 20:49:31 -0500
Processing by ItemsController#index as HTML
  Rendered items/index.html.erb within layouts/application (0.3ms)
Completed 200 OK in 112ms (Views: 112.2ms | ActiveRecord: 0.0ms)


Started GET "/items/new" for ::1 at 2015-12-14 20:49:33 -0500
Processing by ItemsController#new as HTML
  Rendered items/new.html.erb within layouts/application (1.4ms)
Completed 200 OK in 109ms (Views: 108.5ms | ActiveRecord: 0.0ms)


Started POST "/items" for ::1 at 2015-12-14 20:49:44 -0500
Processing by ItemsController#create as HTML
  Parameters: {"utf8"=>"✓", "authenticity_token"=>"52vCR2V5Xmk6ZuPiIGoKY5o84kzycMNMTnhgKFioN8MAhURhGuer1hRYByggS+C2D58EwtOspmkKW0bl7TSh/Q==", "item"=>{"name"=>"iPod", "price"=>"$59"}, "commit"=>"Submit"}
Completed 500 Internal Server Error in 6ms (ActiveRecord: 0.0ms)

NameError (undefined local variable or method `item_params' for #<ItemsController:0x007fa83766af30>):
  app/controllers/items_controller.rb:11:in `create'


  Rendered /Users/paulyun/.gem/ruby/2.2.0/gems/actionpack-4.2.3/lib/action_dispatch/middleware/templates/rescues/_source.erb (4.5ms)
  Rendered /Users/paulyun/.gem/ruby/2.2.0/gems/actionpack-4.2.3/lib/action_dispatch/middleware/templates/rescues/_trace.html.erb (2.4ms)
  Rendered /Users/paulyun/.gem/ruby/2.2.0/gems/actionpack-4.2.3/lib/action_dispatch/middleware/templates/rescues/_request_and_response.html.erb (1.2ms)
  Rendered /Users/paulyun/.gem/ruby/2.2.0/gems/actionpack-4.2.3/lib/action_dispatch/middleware/templates/rescues/diagnostics.html.erb within rescues/layout (60.8ms)
  Rendered /Users/paulyun/.gem/ruby/2.2.0/gems/web-console-2.2.1/lib/web_console/templates/_markup.html.erb (0.7ms)
  Rendered /Users/paulyun/.gem/ruby/2.2.0/gems/web-console-2.2.1/lib/web_console/templates/_inner_console_markup.html.erb within layouts/inlined_string (0.6ms)
  Rendered /Users/paulyun/.gem/ruby/2.2.0/gems/web-console-2.2.1/lib/web_console/templates/_prompt_box_markup.html.erb within layouts/inlined_string (0.6ms)
  Rendered /Users/paulyun/.gem/ruby/2.2.0/gems/web-console-2.2.1/lib/web_console/templates/style.css.erb within layouts/inlined_string (0.4ms)
  Rendered /Users/paulyun/.gem/ruby/2.2.0/gems/web-console-2.2.1/lib/web_console/templates/console.js.erb within layouts/javascript (57.5ms)
  Rendered /Users/paulyun/.gem/ruby/2.2.0/gems/web-console-2.2.1/lib/web_console/templates/main.js.erb within layouts/javascript (0.4ms)
  Rendered /Users/paulyun/.gem/ruby/2.2.0/gems/web-console-2.2.1/lib/web_console/templates/error_page.js.erb within layouts/javascript (0.5ms)
  Rendered /Users/paulyun/.gem/ruby/2.2.0/gems/web-console-2.2.1/lib/web_console/templates/index.html.erb (119.3ms)


Started POST "/items" for ::1 at 2015-12-14 20:50:56 -0500
  [1m[36mActiveRecord::SchemaMigration Load (0.9ms)[0m  [1mSELECT "schema_migrations".* FROM "schema_migrations"[0m
Processing by ItemsController#create as HTML
  Parameters: {"utf8"=>"✓", "authenticity_token"=>"52vCR2V5Xmk6ZuPiIGoKY5o84kzycMNMTnhgKFioN8MAhURhGuer1hRYByggS+C2D58EwtOspmkKW0bl7TSh/Q==", "item"=>{"name"=>"iPod", "price"=>"$59"}, "commit"=>"Submit"}
  [1m[35m (0.2ms)[0m  BEGIN
  [1m[36mSQL (3.0ms)[0m  [1mINSERT INTO "items" ("name", "price", "created_at", "updated_at") VALUES ($1, $2, $3, $4) RETURNING "id"[0m  [["name", "iPod"], ["price", "$59"], ["created_at", "2015-12-15 01:50:56.307567"], ["updated_at", "2015-12-15 01:50:56.307567"]]
  [1m[35m (0.7ms)[0m  COMMIT
Redirected to http://localhost:3000/items
Completed 302 Found in 41ms (ActiveRecord: 10.2ms)


Started GET "/items" for ::1 at 2015-12-14 20:50:56 -0500
Processing by ItemsController#index as HTML
  Rendered items/index.html.erb within layouts/application (2.8ms)
Completed 200 OK in 397ms (Views: 396.6ms | ActiveRecord: 0.0ms)


Started GET "/items" for ::1 at 2015-12-14 20:51:00 -0500
Processing by ItemsController#index as HTML
  Rendered items/index.html.erb within layouts/application (0.2ms)
Completed 200 OK in 156ms (Views: 155.7ms | ActiveRecord: 0.0ms)


Started GET "/assets/foundation/foundation.self-98616d4fb376f824aeb7c868e05e747b97176a864c7da854779ed398828df78f.js?body=1" for ::1 at 2015-12-14 20:51:00 -0500


Started GET "/assets/jquery_ujs.self-d456baa54c1fa6be2ec3711f0a72ddf7a5b2f34a6b4f515f33767d6207b7d4b3.js?body=1" for ::1 at 2015-12-14 20:51:00 -0500


Started GET "/assets/application.self-167193cd81d9330d9ddb5c4ec7b44214fea529aa8a94f3a86e6526e4f652fc02.css?body=1" for ::1 at 2015-12-14 20:51:00 -0500


Started GET "/assets/foundation_and_overrides.self-7e499207ba99c207ad0cfb186d8a250eaa8ee3bfc5b3ef45fca23191a3e83223.css?body=1" for ::1 at 2015-12-14 20:51:00 -0500


Started GET "/assets/jquery.self-a714331225dda820228db323939889f149aec0127aeb06255646b616ba1ca419.js?body=1" for ::1 at 2015-12-14 20:51:00 -0500


Started GET "/assets/foundation/foundation.abide.self-670a9b56e37b4b434f79686b8a9862222173d68ec823b20565340e0e87627ca4.js?body=1" for ::1 at 2015-12-14 20:51:00 -0500


Started GET "/assets/foundation/foundation.accordion.self-02a179f7efde1facecf8a814cae32112c36800ce3d66bafc00c807a56d7b8d46.js?body=1" for ::1 at 2015-12-14 20:51:00 -0500


Started GET "/assets/foundation/foundation.alert.self-631e4c4124bd543574c5a7f4d5d8b59fdf350f6c11d6201ba8a872e8a0f203b0.js?body=1" for ::1 at 2015-12-14 20:51:00 -0500


Started GET "/assets/foundation/foundation.clearing.self-96397aa6b2d39ff61e9b4ce8486a9f716f9072f2011f1dc99f94a96b381b3830.js?body=1" for ::1 at 2015-12-14 20:51:00 -0500


Started GET "/assets/foundation/foundation.dropdown.self-3e70f72040b183d09b673307b08d1d688a5572c6c8cbb222755945e70ccbb05e.js?body=1" for ::1 at 2015-12-14 20:51:00 -0500


Started GET "/assets/foundation/foundation.equalizer.self-1889be5dfd0e56321a9a6d5fe9d4a94b04602c158f3e4d58419b967c255b999f.js?body=1" for ::1 at 2015-12-14 20:51:00 -0500


Started GET "/assets/foundation/foundation.interchange.self-c6d033cdd9e7fd3f29c067eb7b9ee564f7a6b542650d2ca530ae1e3c529a3c35.js?body=1" for ::1 at 2015-12-14 20:51:00 -0500


Started GET "/assets/foundation/foundation.joyride.self-1f6b19104e2439f1e4353444cb6fb9f7f308563556f167c2154ca3108eb7f77e.js?body=1" for ::1 at 2015-12-14 20:51:00 -0500


Started GET "/assets/foundation/foundation.magellan.self-1fcf75780d5b4db5e97c267810e7c9a5e19a9f0d7b67a2d167074d7cff1d6a70.js?body=1" for ::1 at 2015-12-14 20:51:00 -0500


Started GET "/assets/foundation/foundation.offcanvas.self-2f34a4b91e1e958aefbde46004d6186ee82e018fe95634214749799141339810.js?body=1" for ::1 at 2015-12-14 20:51:00 -0500


Started GET "/assets/foundation/foundation.orbit.self-ba7d30fe424df83b5bc8bc5bb67ea90608759c6eb8212d1475d52b09db0bcd0f.js?body=1" for ::1 at 2015-12-14 20:51:00 -0500


Started GET "/assets/foundation/foundation.reveal.self-5a83316675f14b52f582d67c053ae7977827a5b06459d7e8f5556cbedfba1d0d.js?body=1" for ::1 at 2015-12-14 20:51:00 -0500


Started GET "/assets/foundation/foundation.slider.self-686e8b14e01aeb75ec0980de90956540d2b245324fc58e8c25debafc60300b96.js?body=1" for ::1 at 2015-12-14 20:51:00 -0500


Started GET "/assets/foundation/foundation.tab.self-9b2bd1afa5715ce8f154fa008d0aab44500763e9b336a6d4e5bca96437176a74.js?body=1" for ::1 at 2015-12-14 20:51:00 -0500


Started GET "/assets/foundation/foundation.tooltip.self-dae1db2297f90064e1a8ae7b02b175ca613cc6a2d190aaed548f6ef853f4b46d.js?body=1" for ::1 at 2015-12-14 20:51:00 -0500


Started GET "/assets/foundation/foundation.topbar.self-fa6260890f9f59c821128d066bcfaa18665c816022bafd398d937c367d5e39b7.js?body=1" for ::1 at 2015-12-14 20:51:00 -0500


Started GET "/assets/foundation.self-abe4ee7a105042f73b12b1f1a28788522d2f253445a475a94ab4d6e1f7b0ec52.js?body=1" for ::1 at 2015-12-14 20:51:00 -0500


Started GET "/assets/application.self-1509cb3433bf7f60a75710bd4d8561d25423676b3c4d4a21914940bf07b8869a.js?body=1" for ::1 at 2015-12-14 20:51:00 -0500


Started GET "/items" for ::1 at 2015-12-14 20:51:02 -0500
Processing by ItemsController#index as HTML
  Rendered items/index.html.erb within layouts/application (0.2ms)
Completed 200 OK in 157ms (Views: 156.9ms | ActiveRecord: 0.0ms)


Started GET "/assets/foundation_and_overrides.self-7e499207ba99c207ad0cfb186d8a250eaa8ee3bfc5b3ef45fca23191a3e83223.css?body=1" for ::1 at 2015-12-14 20:51:02 -0500


Started GET "/assets/application.self-167193cd81d9330d9ddb5c4ec7b44214fea529aa8a94f3a86e6526e4f652fc02.css?body=1" for ::1 at 2015-12-14 20:51:02 -0500


Started GET "/assets/jquery.self-a714331225dda820228db323939889f149aec0127aeb06255646b616ba1ca419.js?body=1" for ::1 at 2015-12-14 20:51:02 -0500


Started GET "/assets/foundation/foundation.abide.self-670a9b56e37b4b434f79686b8a9862222173d68ec823b20565340e0e87627ca4.js?body=1" for ::1 at 2015-12-14 20:51:02 -0500


Started GET "/assets/foundation/foundation.self-98616d4fb376f824aeb7c868e05e747b97176a864c7da854779ed398828df78f.js?body=1" for ::1 at 2015-12-14 20:51:02 -0500


Started GET "/assets/jquery_ujs.self-d456baa54c1fa6be2ec3711f0a72ddf7a5b2f34a6b4f515f33767d6207b7d4b3.js?body=1" for ::1 at 2015-12-14 20:51:02 -0500


Started GET "/assets/foundation/foundation.accordion.self-02a179f7efde1facecf8a814cae32112c36800ce3d66bafc00c807a56d7b8d46.js?body=1" for ::1 at 2015-12-14 20:51:02 -0500


Started GET "/assets/foundation/foundation.alert.self-631e4c4124bd543574c5a7f4d5d8b59fdf350f6c11d6201ba8a872e8a0f203b0.js?body=1" for ::1 at 2015-12-14 20:51:02 -0500


Started GET "/assets/foundation/foundation.clearing.self-96397aa6b2d39ff61e9b4ce8486a9f716f9072f2011f1dc99f94a96b381b3830.js?body=1" for ::1 at 2015-12-14 20:51:02 -0500


Started GET "/assets/foundation/foundation.dropdown.self-3e70f72040b183d09b673307b08d1d688a5572c6c8cbb222755945e70ccbb05e.js?body=1" for ::1 at 2015-12-14 20:51:02 -0500


Started GET "/assets/foundation/foundation.equalizer.self-1889be5dfd0e56321a9a6d5fe9d4a94b04602c158f3e4d58419b967c255b999f.js?body=1" for ::1 at 2015-12-14 20:51:02 -0500


Started GET "/assets/foundation/foundation.interchange.self-c6d033cdd9e7fd3f29c067eb7b9ee564f7a6b542650d2ca530ae1e3c529a3c35.js?body=1" for ::1 at 2015-12-14 20:51:02 -0500


Started GET "/assets/foundation/foundation.joyride.self-1f6b19104e2439f1e4353444cb6fb9f7f308563556f167c2154ca3108eb7f77e.js?body=1" for ::1 at 2015-12-14 20:51:02 -0500


Started GET "/assets/foundation/foundation.magellan.self-1fcf75780d5b4db5e97c267810e7c9a5e19a9f0d7b67a2d167074d7cff1d6a70.js?body=1" for ::1 at 2015-12-14 20:51:02 -0500


Started GET "/assets/foundation/foundation.offcanvas.self-2f34a4b91e1e958aefbde46004d6186ee82e018fe95634214749799141339810.js?body=1" for ::1 at 2015-12-14 20:51:02 -0500


Started GET "/assets/foundation/foundation.orbit.self-ba7d30fe424df83b5bc8bc5bb67ea90608759c6eb8212d1475d52b09db0bcd0f.js?body=1" for ::1 at 2015-12-14 20:51:02 -0500


Started GET "/assets/foundation/foundation.reveal.self-5a83316675f14b52f582d67c053ae7977827a5b06459d7e8f5556cbedfba1d0d.js?body=1" for ::1 at 2015-12-14 20:51:02 -0500


Started GET "/assets/foundation/foundation.slider.self-686e8b14e01aeb75ec0980de90956540d2b245324fc58e8c25debafc60300b96.js?body=1" for ::1 at 2015-12-14 20:51:02 -0500


Started GET "/assets/foundation/foundation.tab.self-9b2bd1afa5715ce8f154fa008d0aab44500763e9b336a6d4e5bca96437176a74.js?body=1" for ::1 at 2015-12-14 20:51:02 -0500


Started GET "/assets/foundation/foundation.tooltip.self-dae1db2297f90064e1a8ae7b02b175ca613cc6a2d190aaed548f6ef853f4b46d.js?body=1" for ::1 at 2015-12-14 20:51:02 -0500


Started GET "/assets/foundation/foundation.topbar.self-fa6260890f9f59c821128d066bcfaa18665c816022bafd398d937c367d5e39b7.js?body=1" for ::1 at 2015-12-14 20:51:02 -0500


Started GET "/assets/foundation.self-abe4ee7a105042f73b12b1f1a28788522d2f253445a475a94ab4d6e1f7b0ec52.js?body=1" for ::1 at 2015-12-14 20:51:02 -0500


Started GET "/assets/application.self-1509cb3433bf7f60a75710bd4d8561d25423676b3c4d4a21914940bf07b8869a.js?body=1" for ::1 at 2015-12-14 20:51:02 -0500


Started GET "/items" for ::1 at 2015-12-14 20:53:35 -0500
Processing by ItemsController#index as HTML
  [1m[36mItem Load (1.2ms)[0m  [1mSELECT "items".* FROM "items"[0m
  Rendered items/index.html.erb within layouts/application (3.9ms)
Completed 200 OK in 117ms (Views: 115.5ms | ActiveRecord: 1.2ms)


Started GET "/assets/application.self-167193cd81d9330d9ddb5c4ec7b44214fea529aa8a94f3a86e6526e4f652fc02.css?body=1" for ::1 at 2015-12-14 20:53:36 -0500


Started GET "/assets/foundation/foundation.abide.self-670a9b56e37b4b434f79686b8a9862222173d68ec823b20565340e0e87627ca4.js?body=1" for ::1 at 2015-12-14 20:53:36 -0500


Started GET "/assets/foundation_and_overrides.self-7e499207ba99c207ad0cfb186d8a250eaa8ee3bfc5b3ef45fca23191a3e83223.css?body=1" for ::1 at 2015-12-14 20:53:36 -0500


Started GET "/assets/jquery.self-a714331225dda820228db323939889f149aec0127aeb06255646b616ba1ca419.js?body=1" for ::1 at 2015-12-14 20:53:36 -0500


Started GET "/assets/foundation/foundation.self-98616d4fb376f824aeb7c868e05e747b97176a864c7da854779ed398828df78f.js?body=1" for ::1 at 2015-12-14 20:53:36 -0500


Started GET "/assets/jquery_ujs.self-d456baa54c1fa6be2ec3711f0a72ddf7a5b2f34a6b4f515f33767d6207b7d4b3.js?body=1" for ::1 at 2015-12-14 20:53:36 -0500


Started GET "/assets/foundation/foundation.accordion.self-02a179f7efde1facecf8a814cae32112c36800ce3d66bafc00c807a56d7b8d46.js?body=1" for ::1 at 2015-12-14 20:53:36 -0500


Started GET "/assets/foundation/foundation.alert.self-631e4c4124bd543574c5a7f4d5d8b59fdf350f6c11d6201ba8a872e8a0f203b0.js?body=1" for ::1 at 2015-12-14 20:53:36 -0500


Started GET "/assets/foundation/foundation.clearing.self-96397aa6b2d39ff61e9b4ce8486a9f716f9072f2011f1dc99f94a96b381b3830.js?body=1" for ::1 at 2015-12-14 20:53:36 -0500


Started GET "/assets/foundation/foundation.dropdown.self-3e70f72040b183d09b673307b08d1d688a5572c6c8cbb222755945e70ccbb05e.js?body=1" for ::1 at 2015-12-14 20:53:36 -0500


Started GET "/assets/foundation/foundation.equalizer.self-1889be5dfd0e56321a9a6d5fe9d4a94b04602c158f3e4d58419b967c255b999f.js?body=1" for ::1 at 2015-12-14 20:53:36 -0500


Started GET "/assets/foundation/foundation.interchange.self-c6d033cdd9e7fd3f29c067eb7b9ee564f7a6b542650d2ca530ae1e3c529a3c35.js?body=1" for ::1 at 2015-12-14 20:53:36 -0500


Started GET "/assets/foundation/foundation.joyride.self-1f6b19104e2439f1e4353444cb6fb9f7f308563556f167c2154ca3108eb7f77e.js?body=1" for ::1 at 2015-12-14 20:53:36 -0500


Started GET "/assets/foundation/foundation.magellan.self-1fcf75780d5b4db5e97c267810e7c9a5e19a9f0d7b67a2d167074d7cff1d6a70.js?body=1" for ::1 at 2015-12-14 20:53:36 -0500


Started GET "/assets/foundation/foundation.offcanvas.self-2f34a4b91e1e958aefbde46004d6186ee82e018fe95634214749799141339810.js?body=1" for ::1 at 2015-12-14 20:53:36 -0500


Started GET "/assets/foundation/foundation.orbit.self-ba7d30fe424df83b5bc8bc5bb67ea90608759c6eb8212d1475d52b09db0bcd0f.js?body=1" for ::1 at 2015-12-14 20:53:36 -0500


Started GET "/assets/foundation/foundation.reveal.self-5a83316675f14b52f582d67c053ae7977827a5b06459d7e8f5556cbedfba1d0d.js?body=1" for ::1 at 2015-12-14 20:53:36 -0500


Started GET "/assets/foundation/foundation.slider.self-686e8b14e01aeb75ec0980de90956540d2b245324fc58e8c25debafc60300b96.js?body=1" for ::1 at 2015-12-14 20:53:36 -0500


Started GET "/assets/foundation/foundation.tab.self-9b2bd1afa5715ce8f154fa008d0aab44500763e9b336a6d4e5bca96437176a74.js?body=1" for ::1 at 2015-12-14 20:53:36 -0500


Started GET "/assets/foundation/foundation.tooltip.self-dae1db2297f90064e1a8ae7b02b175ca613cc6a2d190aaed548f6ef853f4b46d.js?body=1" for ::1 at 2015-12-14 20:53:36 -0500


Started GET "/assets/foundation/foundation.topbar.self-fa6260890f9f59c821128d066bcfaa18665c816022bafd398d937c367d5e39b7.js?body=1" for ::1 at 2015-12-14 20:53:36 -0500


Started GET "/assets/foundation.self-abe4ee7a105042f73b12b1f1a28788522d2f253445a475a94ab4d6e1f7b0ec52.js?body=1" for ::1 at 2015-12-14 20:53:36 -0500


Started GET "/assets/application.self-1509cb3433bf7f60a75710bd4d8561d25423676b3c4d4a21914940bf07b8869a.js?body=1" for ::1 at 2015-12-14 20:53:36 -0500


Started GET "/items" for ::1 at 2015-12-14 20:54:11 -0500
Processing by ItemsController#index as HTML
  [1m[35mItem Load (0.6ms)[0m  SELECT "items".* FROM "items"
  Rendered items/index.html.erb within layouts/application (7.9ms)
Completed 200 OK in 120ms (Views: 115.1ms | ActiveRecord: 3.4ms)


Started GET "/assets/foundation_and_overrides.self-7e499207ba99c207ad0cfb186d8a250eaa8ee3bfc5b3ef45fca23191a3e83223.css?body=1" for ::1 at 2015-12-14 20:54:11 -0500


Started GET "/assets/jquery.self-a714331225dda820228db323939889f149aec0127aeb06255646b616ba1ca419.js?body=1" for ::1 at 2015-12-14 20:54:11 -0500


Started GET "/assets/application.self-167193cd81d9330d9ddb5c4ec7b44214fea529aa8a94f3a86e6526e4f652fc02.css?body=1" for ::1 at 2015-12-14 20:54:11 -0500


Started GET "/assets/jquery_ujs.self-d456baa54c1fa6be2ec3711f0a72ddf7a5b2f34a6b4f515f33767d6207b7d4b3.js?body=1" for ::1 at 2015-12-14 20:54:11 -0500


Started GET "/assets/foundation/foundation.self-98616d4fb376f824aeb7c868e05e747b97176a864c7da854779ed398828df78f.js?body=1" for ::1 at 2015-12-14 20:54:11 -0500


Started GET "/assets/foundation/foundation.abide.self-670a9b56e37b4b434f79686b8a9862222173d68ec823b20565340e0e87627ca4.js?body=1" for ::1 at 2015-12-14 20:54:11 -0500


Started GET "/assets/foundation/foundation.accordion.self-02a179f7efde1facecf8a814cae32112c36800ce3d66bafc00c807a56d7b8d46.js?body=1" for ::1 at 2015-12-14 20:54:11 -0500


Started GET "/assets/foundation/foundation.alert.self-631e4c4124bd543574c5a7f4d5d8b59fdf350f6c11d6201ba8a872e8a0f203b0.js?body=1" for ::1 at 2015-12-14 20:54:11 -0500


Started GET "/assets/foundation/foundation.clearing.self-96397aa6b2d39ff61e9b4ce8486a9f716f9072f2011f1dc99f94a96b381b3830.js?body=1" for ::1 at 2015-12-14 20:54:11 -0500


Started GET "/assets/foundation/foundation.dropdown.self-3e70f72040b183d09b673307b08d1d688a5572c6c8cbb222755945e70ccbb05e.js?body=1" for ::1 at 2015-12-14 20:54:11 -0500


Started GET "/assets/foundation/foundation.equalizer.self-1889be5dfd0e56321a9a6d5fe9d4a94b04602c158f3e4d58419b967c255b999f.js?body=1" for ::1 at 2015-12-14 20:54:11 -0500


Started GET "/assets/foundation/foundation.interchange.self-c6d033cdd9e7fd3f29c067eb7b9ee564f7a6b542650d2ca530ae1e3c529a3c35.js?body=1" for ::1 at 2015-12-14 20:54:11 -0500


Started GET "/assets/foundation/foundation.magellan.self-1fcf75780d5b4db5e97c267810e7c9a5e19a9f0d7b67a2d167074d7cff1d6a70.js?body=1" for ::1 at 2015-12-14 20:54:11 -0500


Started GET "/assets/foundation/foundation.joyride.self-1f6b19104e2439f1e4353444cb6fb9f7f308563556f167c2154ca3108eb7f77e.js?body=1" for ::1 at 2015-12-14 20:54:11 -0500


Started GET "/assets/foundation/foundation.offcanvas.self-2f34a4b91e1e958aefbde46004d6186ee82e018fe95634214749799141339810.js?body=1" for ::1 at 2015-12-14 20:54:11 -0500


Started GET "/assets/foundation/foundation.orbit.self-ba7d30fe424df83b5bc8bc5bb67ea90608759c6eb8212d1475d52b09db0bcd0f.js?body=1" for ::1 at 2015-12-14 20:54:11 -0500


Started GET "/assets/foundation/foundation.reveal.self-5a83316675f14b52f582d67c053ae7977827a5b06459d7e8f5556cbedfba1d0d.js?body=1" for ::1 at 2015-12-14 20:54:11 -0500


Started GET "/assets/foundation/foundation.slider.self-686e8b14e01aeb75ec0980de90956540d2b245324fc58e8c25debafc60300b96.js?body=1" for ::1 at 2015-12-14 20:54:11 -0500


Started GET "/assets/foundation/foundation.tab.self-9b2bd1afa5715ce8f154fa008d0aab44500763e9b336a6d4e5bca96437176a74.js?body=1" for ::1 at 2015-12-14 20:54:11 -0500


Started GET "/assets/foundation/foundation.tooltip.self-dae1db2297f90064e1a8ae7b02b175ca613cc6a2d190aaed548f6ef853f4b46d.js?body=1" for ::1 at 2015-12-14 20:54:11 -0500


Started GET "/assets/foundation/foundation.topbar.self-fa6260890f9f59c821128d066bcfaa18665c816022bafd398d937c367d5e39b7.js?body=1" for ::1 at 2015-12-14 20:54:11 -0500


Started GET "/assets/foundation.self-abe4ee7a105042f73b12b1f1a28788522d2f253445a475a94ab4d6e1f7b0ec52.js?body=1" for ::1 at 2015-12-14 20:54:11 -0500


Started GET "/assets/application.self-1509cb3433bf7f60a75710bd4d8561d25423676b3c4d4a21914940bf07b8869a.js?body=1" for ::1 at 2015-12-14 20:54:11 -0500


Started GET "/items" for ::1 at 2015-12-14 20:54:19 -0500
  [1m[36mActiveRecord::SchemaMigration Load (1.2ms)[0m  [1mSELECT "schema_migrations".* FROM "schema_migrations"[0m
Processing by ItemsController#index as HTML
  [1m[35mItem Load (0.8ms)[0m  SELECT "items".* FROM "items"
  Rendered items/index.html.erb within layouts/application (13.2ms)
Completed 200 OK in 406ms (Views: 398.4ms | ActiveRecord: 5.6ms)


Started GET "/assets/application.self-167193cd81d9330d9ddb5c4ec7b44214fea529aa8a94f3a86e6526e4f652fc02.css?body=1" for ::1 at 2015-12-14 20:54:19 -0500


Started GET "/assets/jquery.self-a714331225dda820228db323939889f149aec0127aeb06255646b616ba1ca419.js?body=1" for ::1 at 2015-12-14 20:54:19 -0500


Started GET "/assets/jquery_ujs.self-d456baa54c1fa6be2ec3711f0a72ddf7a5b2f34a6b4f515f33767d6207b7d4b3.js?body=1" for ::1 at 2015-12-14 20:54:19 -0500


Started GET "/assets/foundation_and_overrides.self-7e499207ba99c207ad0cfb186d8a250eaa8ee3bfc5b3ef45fca23191a3e83223.css?body=1" for ::1 at 2015-12-14 20:54:19 -0500


Started GET "/assets/foundation/foundation.self-98616d4fb376f824aeb7c868e05e747b97176a864c7da854779ed398828df78f.js?body=1" for ::1 at 2015-12-14 20:54:19 -0500


Started GET "/assets/foundation/foundation.abide.self-670a9b56e37b4b434f79686b8a9862222173d68ec823b20565340e0e87627ca4.js?body=1" for ::1 at 2015-12-14 20:54:19 -0500


Started GET "/assets/foundation/foundation.accordion.self-02a179f7efde1facecf8a814cae32112c36800ce3d66bafc00c807a56d7b8d46.js?body=1" for ::1 at 2015-12-14 20:54:19 -0500


Started GET "/assets/foundation/foundation.alert.self-631e4c4124bd543574c5a7f4d5d8b59fdf350f6c11d6201ba8a872e8a0f203b0.js?body=1" for ::1 at 2015-12-14 20:54:19 -0500


Started GET "/assets/foundation/foundation.clearing.self-96397aa6b2d39ff61e9b4ce8486a9f716f9072f2011f1dc99f94a96b381b3830.js?body=1" for ::1 at 2015-12-14 20:54:19 -0500


Started GET "/assets/foundation/foundation.dropdown.self-3e70f72040b183d09b673307b08d1d688a5572c6c8cbb222755945e70ccbb05e.js?body=1" for ::1 at 2015-12-14 20:54:19 -0500


Started GET "/assets/foundation/foundation.equalizer.self-1889be5dfd0e56321a9a6d5fe9d4a94b04602c158f3e4d58419b967c255b999f.js?body=1" for ::1 at 2015-12-14 20:54:19 -0500


Started GET "/assets/foundation/foundation.interchange.self-c6d033cdd9e7fd3f29c067eb7b9ee564f7a6b542650d2ca530ae1e3c529a3c35.js?body=1" for ::1 at 2015-12-14 20:54:19 -0500


Started GET "/items" for ::1 at 2015-12-14 20:54:19 -0500
Processing by ItemsController#index as HTML
  [1m[36mItem Load (0.6ms)[0m  [1mSELECT "items".* FROM "items"[0m
  Rendered items/index.html.erb within layouts/application (2.2ms)
Completed 200 OK in 145ms (Views: 143.7ms | ActiveRecord: 0.6ms)


Started GET "/assets/foundation/foundation.joyride.self-1f6b19104e2439f1e4353444cb6fb9f7f308563556f167c2154ca3108eb7f77e.js?body=1" for ::1 at 2015-12-14 20:54:19 -0500


Started GET "/assets/foundation/foundation.magellan.self-1fcf75780d5b4db5e97c267810e7c9a5e19a9f0d7b67a2d167074d7cff1d6a70.js?body=1" for ::1 at 2015-12-14 20:54:19 -0500


Started GET "/assets/foundation/foundation.offcanvas.self-2f34a4b91e1e958aefbde46004d6186ee82e018fe95634214749799141339810.js?body=1" for ::1 at 2015-12-14 20:54:19 -0500


Started GET "/assets/foundation/foundation.orbit.self-ba7d30fe424df83b5bc8bc5bb67ea90608759c6eb8212d1475d52b09db0bcd0f.js?body=1" for ::1 at 2015-12-14 20:54:19 -0500


Started GET "/assets/foundation/foundation.reveal.self-5a83316675f14b52f582d67c053ae7977827a5b06459d7e8f5556cbedfba1d0d.js?body=1" for ::1 at 2015-12-14 20:54:19 -0500


Started GET "/assets/foundation/foundation.slider.self-686e8b14e01aeb75ec0980de90956540d2b245324fc58e8c25debafc60300b96.js?body=1" for ::1 at 2015-12-14 20:54:20 -0500


Started GET "/assets/foundation_and_overrides.self-7e499207ba99c207ad0cfb186d8a250eaa8ee3bfc5b3ef45fca23191a3e83223.css?body=1" for ::1 at 2015-12-14 20:54:20 -0500


Started GET "/assets/jquery_ujs.self-d456baa54c1fa6be2ec3711f0a72ddf7a5b2f34a6b4f515f33767d6207b7d4b3.js?body=1" for ::1 at 2015-12-14 20:54:20 -0500


Started GET "/assets/foundation/foundation.self-98616d4fb376f824aeb7c868e05e747b97176a864c7da854779ed398828df78f.js?body=1" for ::1 at 2015-12-14 20:54:20 -0500


Started GET "/assets/foundation/foundation.abide.self-670a9b56e37b4b434f79686b8a9862222173d68ec823b20565340e0e87627ca4.js?body=1" for ::1 at 2015-12-14 20:54:20 -0500


Started GET "/assets/jquery.self-a714331225dda820228db323939889f149aec0127aeb06255646b616ba1ca419.js?body=1" for ::1 at 2015-12-14 20:54:20 -0500


Started GET "/assets/application.self-167193cd81d9330d9ddb5c4ec7b44214fea529aa8a94f3a86e6526e4f652fc02.css?body=1" for ::1 at 2015-12-14 20:54:20 -0500


Started GET "/assets/foundation/foundation.accordion.self-02a179f7efde1facecf8a814cae32112c36800ce3d66bafc00c807a56d7b8d46.js?body=1" for ::1 at 2015-12-14 20:54:20 -0500


Started GET "/assets/foundation/foundation.joyride.self-1f6b19104e2439f1e4353444cb6fb9f7f308563556f167c2154ca3108eb7f77e.js?body=1" for ::1 at 2015-12-14 20:54:20 -0500


Started GET "/assets/foundation/foundation.magellan.self-1fcf75780d5b4db5e97c267810e7c9a5e19a9f0d7b67a2d167074d7cff1d6a70.js?body=1" for ::1 at 2015-12-14 20:54:20 -0500


Started GET "/assets/foundation/foundation.offcanvas.self-2f34a4b91e1e958aefbde46004d6186ee82e018fe95634214749799141339810.js?body=1" for ::1 at 2015-12-14 20:54:20 -0500


Started GET "/assets/foundation/foundation.orbit.self-ba7d30fe424df83b5bc8bc5bb67ea90608759c6eb8212d1475d52b09db0bcd0f.js?body=1" for ::1 at 2015-12-14 20:54:20 -0500


Started GET "/assets/foundation/foundation.reveal.self-5a83316675f14b52f582d67c053ae7977827a5b06459d7e8f5556cbedfba1d0d.js?body=1" for ::1 at 2015-12-14 20:54:20 -0500


Started GET "/assets/foundation/foundation.slider.self-686e8b14e01aeb75ec0980de90956540d2b245324fc58e8c25debafc60300b96.js?body=1" for ::1 at 2015-12-14 20:54:20 -0500


Started GET "/assets/foundation/foundation.tab.self-9b2bd1afa5715ce8f154fa008d0aab44500763e9b336a6d4e5bca96437176a74.js?body=1" for ::1 at 2015-12-14 20:54:20 -0500


Started GET "/assets/foundation/foundation.alert.self-631e4c4124bd543574c5a7f4d5d8b59fdf350f6c11d6201ba8a872e8a0f203b0.js?body=1" for ::1 at 2015-12-14 20:54:20 -0500


Started GET "/assets/foundation/foundation.clearing.self-96397aa6b2d39ff61e9b4ce8486a9f716f9072f2011f1dc99f94a96b381b3830.js?body=1" for ::1 at 2015-12-14 20:54:20 -0500


Started GET "/assets/foundation/foundation.dropdown.self-3e70f72040b183d09b673307b08d1d688a5572c6c8cbb222755945e70ccbb05e.js?body=1" for ::1 at 2015-12-14 20:54:20 -0500


Started GET "/assets/foundation/foundation.interchange.self-c6d033cdd9e7fd3f29c067eb7b9ee564f7a6b542650d2ca530ae1e3c529a3c35.js?body=1" for ::1 at 2015-12-14 20:54:20 -0500


Started GET "/assets/foundation/foundation.equalizer.self-1889be5dfd0e56321a9a6d5fe9d4a94b04602c158f3e4d58419b967c255b999f.js?body=1" for ::1 at 2015-12-14 20:54:20 -0500


Started GET "/assets/foundation/foundation.tooltip.self-dae1db2297f90064e1a8ae7b02b175ca613cc6a2d190aaed548f6ef853f4b46d.js?body=1" for ::1 at 2015-12-14 20:54:20 -0500


Started GET "/assets/foundation/foundation.topbar.self-fa6260890f9f59c821128d066bcfaa18665c816022bafd398d937c367d5e39b7.js?body=1" for ::1 at 2015-12-14 20:54:20 -0500


Started GET "/assets/foundation.self-abe4ee7a105042f73b12b1f1a28788522d2f253445a475a94ab4d6e1f7b0ec52.js?body=1" for ::1 at 2015-12-14 20:54:20 -0500


Started GET "/assets/application.self-1509cb3433bf7f60a75710bd4d8561d25423676b3c4d4a21914940bf07b8869a.js?body=1" for ::1 at 2015-12-14 20:54:20 -0500


Started GET "/" for ::1 at 2015-12-14 20:54:23 -0500
Processing by ItemsController#index as HTML
  [1m[35mItem Load (0.5ms)[0m  SELECT "items".* FROM "items"
  Rendered items/index.html.erb within layouts/application (1.6ms)
Completed 200 OK in 135ms (Views: 134.6ms | ActiveRecord: 0.5ms)


Started GET "/items/new" for ::1 at 2015-12-14 20:54:25 -0500
Processing by ItemsController#new as HTML
  Rendered items/new.html.erb within layouts/application (22.8ms)
Completed 200 OK in 131ms (Views: 130.6ms | ActiveRecord: 0.0ms)


Started POST "/items" for ::1 at 2015-12-14 20:54:27 -0500
Processing by ItemsController#create as HTML
  Parameters: {"utf8"=>"✓", "authenticity_token"=>"eyNcZzKk8Bve2QjioOIJnb3XbUCcXWzh6CyW/ticpcaczdpBTToFpPDn7Cigw+NIKHSLzr2BCcSsD7AzbQAz+A==", "item"=>{"name"=>"", "price"=>""}, "commit"=>"Submit"}
  [1m[36m (0.2ms)[0m  [1mBEGIN[0m
  [1m[35mSQL (0.7ms)[0m  INSERT INTO "items" ("name", "price", "created_at", "updated_at") VALUES ($1, $2, $3, $4) RETURNING "id"  [["name", ""], ["price", ""], ["created_at", "2015-12-15 01:54:27.353910"], ["updated_at", "2015-12-15 01:54:27.353910"]]
  [1m[36m (0.6ms)[0m  [1mCOMMIT[0m
Redirected to http://localhost:3000/items
Completed 302 Found in 9ms (ActiveRecord: 1.8ms)


Started GET "/items" for ::1 at 2015-12-14 20:54:27 -0500
Processing by ItemsController#index as HTML
  [1m[35mItem Load (0.5ms)[0m  SELECT "items".* FROM "items"
  Rendered items/index.html.erb within layouts/application (1.4ms)
Completed 200 OK in 92ms (Views: 91.0ms | ActiveRecord: 0.5ms)
  [1m[36mActiveRecord::SchemaMigration Load (0.8ms)[0m  [1mSELECT "schema_migrations".* FROM "schema_migrations"[0m
  [1m[35mActiveRecord::SchemaMigration Load (0.3ms)[0m  SELECT "schema_migrations".* FROM "schema_migrations"
Migrating to CreateItems (20151215012746)
  [1m[36m (0.3ms)[0m  [1mBEGIN[0m
  [1m[35m (3.1ms)[0m  DROP TABLE "items"
  [1m[36mSQL (0.5ms)[0m  [1mDELETE FROM "schema_migrations" WHERE "schema_migrations"."version" = $1[0m  [["version", "20151215012746"]]
  [1m[35m (2.3ms)[0m  COMMIT
  [1m[36mActiveRecord::SchemaMigration Load (0.4ms)[0m  [1mSELECT "schema_migrations".* FROM "schema_migrations"[0m
  [1m[35m (5.4ms)[0m  SELECT t2.oid::regclass::text AS to_table, a1.attname AS column, a2.attname AS primary_key, c.conname AS name, c.confupdtype AS on_update, c.confdeltype AS on_delete
FROM pg_constraint c
JOIN pg_class t1 ON c.conrelid = t1.oid
JOIN pg_class t2 ON c.confrelid = t2.oid
JOIN pg_attribute a1 ON a1.attnum = c.conkey[1] AND a1.attrelid = t1.oid
JOIN pg_attribute a2 ON a2.attnum = c.confkey[1] AND a2.attrelid = t2.oid
JOIN pg_namespace t3 ON c.connamespace = t3.oid
WHERE c.contype = 'f'
  AND t1.relname = 'users'
  AND t3.nspname = ANY (current_schemas(false))
ORDER BY c.conname

  [1m[36mActiveRecord::SchemaMigration Load (0.6ms)[0m  [1mSELECT "schema_migrations".* FROM "schema_migrations"[0m
Migrating to CreateItems (20151215012746)
  [1m[35m (0.3ms)[0m  BEGIN
  [1m[36m (8.4ms)[0m  [1mCREATE TABLE "items" ("id" serial primary key, "name" character varying NOT NULL, "price" character varying, "created_at" timestamp NOT NULL, "updated_at" timestamp NOT NULL) [0m
  [1m[35mSQL (0.4ms)[0m  INSERT INTO "schema_migrations" ("version") VALUES ($1)  [["version", "20151215012746"]]
  [1m[36m (1.0ms)[0m  [1mCOMMIT[0m
  [1m[35mActiveRecord::SchemaMigration Load (0.4ms)[0m  SELECT "schema_migrations".* FROM "schema_migrations"
  [1m[36m (5.2ms)[0m  [1mSELECT t2.oid::regclass::text AS to_table, a1.attname AS column, a2.attname AS primary_key, c.conname AS name, c.confupdtype AS on_update, c.confdeltype AS on_delete
FROM pg_constraint c
JOIN pg_class t1 ON c.conrelid = t1.oid
JOIN pg_class t2 ON c.confrelid = t2.oid
JOIN pg_attribute a1 ON a1.attnum = c.conkey[1] AND a1.attrelid = t1.oid
JOIN pg_attribute a2 ON a2.attnum = c.confkey[1] AND a2.attrelid = t2.oid
JOIN pg_namespace t3 ON c.connamespace = t3.oid
WHERE c.contype = 'f'
  AND t1.relname = 'items'
  AND t3.nspname = ANY (current_schemas(false))
ORDER BY c.conname
[0m
  [1m[35m (4.5ms)[0m  SELECT t2.oid::regclass::text AS to_table, a1.attname AS column, a2.attname AS primary_key, c.conname AS name, c.confupdtype AS on_update, c.confdeltype AS on_delete
FROM pg_constraint c
JOIN pg_class t1 ON c.conrelid = t1.oid
JOIN pg_class t2 ON c.confrelid = t2.oid
JOIN pg_attribute a1 ON a1.attnum = c.conkey[1] AND a1.attrelid = t1.oid
JOIN pg_attribute a2 ON a2.attnum = c.confkey[1] AND a2.attrelid = t2.oid
JOIN pg_namespace t3 ON c.connamespace = t3.oid
WHERE c.contype = 'f'
  AND t1.relname = 'users'
  AND t3.nspname = ANY (current_schemas(false))
ORDER BY c.conname



Started GET "/items" for ::1 at 2015-12-14 20:55:58 -0500
  [1m[36mActiveRecord::SchemaMigration Load (0.6ms)[0m  [1mSELECT "schema_migrations".* FROM "schema_migrations"[0m
Processing by ItemsController#index as HTML
  [1m[35mItem Load (0.8ms)[0m  SELECT "items".* FROM "items"
  Rendered items/index.html.erb within layouts/application (5.2ms)
Completed 200 OK in 407ms (Views: 402.4ms | ActiveRecord: 2.1ms)


Started GET "/assets/foundation_and_overrides.self-7e499207ba99c207ad0cfb186d8a250eaa8ee3bfc5b3ef45fca23191a3e83223.css?body=1" for ::1 at 2015-12-14 20:55:58 -0500


Started GET "/assets/jquery.self-a714331225dda820228db323939889f149aec0127aeb06255646b616ba1ca419.js?body=1" for ::1 at 2015-12-14 20:55:58 -0500


Started GET "/assets/application.self-167193cd81d9330d9ddb5c4ec7b44214fea529aa8a94f3a86e6526e4f652fc02.css?body=1" for ::1 at 2015-12-14 20:55:58 -0500


Started GET "/assets/foundation/foundation.abide.self-670a9b56e37b4b434f79686b8a9862222173d68ec823b20565340e0e87627ca4.js?body=1" for ::1 at 2015-12-14 20:55:58 -0500


Started GET "/assets/foundation/foundation.self-98616d4fb376f824aeb7c868e05e747b97176a864c7da854779ed398828df78f.js?body=1" for ::1 at 2015-12-14 20:55:58 -0500


Started GET "/assets/jquery_ujs.self-d456baa54c1fa6be2ec3711f0a72ddf7a5b2f34a6b4f515f33767d6207b7d4b3.js?body=1" for ::1 at 2015-12-14 20:55:58 -0500


Started GET "/assets/foundation/foundation.alert.self-631e4c4124bd543574c5a7f4d5d8b59fdf350f6c11d6201ba8a872e8a0f203b0.js?body=1" for ::1 at 2015-12-14 20:55:58 -0500


Started GET "/assets/foundation/foundation.accordion.self-02a179f7efde1facecf8a814cae32112c36800ce3d66bafc00c807a56d7b8d46.js?body=1" for ::1 at 2015-12-14 20:55:58 -0500


Started GET "/assets/foundation/foundation.clearing.self-96397aa6b2d39ff61e9b4ce8486a9f716f9072f2011f1dc99f94a96b381b3830.js?body=1" for ::1 at 2015-12-14 20:55:58 -0500


Started GET "/assets/foundation/foundation.dropdown.self-3e70f72040b183d09b673307b08d1d688a5572c6c8cbb222755945e70ccbb05e.js?body=1" for ::1 at 2015-12-14 20:55:58 -0500


Started GET "/assets/foundation/foundation.equalizer.self-1889be5dfd0e56321a9a6d5fe9d4a94b04602c158f3e4d58419b967c255b999f.js?body=1" for ::1 at 2015-12-14 20:55:58 -0500


Started GET "/assets/foundation/foundation.interchange.self-c6d033cdd9e7fd3f29c067eb7b9ee564f7a6b542650d2ca530ae1e3c529a3c35.js?body=1" for ::1 at 2015-12-14 20:55:58 -0500


Started GET "/assets/foundation/foundation.joyride.self-1f6b19104e2439f1e4353444cb6fb9f7f308563556f167c2154ca3108eb7f77e.js?body=1" for ::1 at 2015-12-14 20:55:58 -0500


Started GET "/assets/foundation/foundation.magellan.self-1fcf75780d5b4db5e97c267810e7c9a5e19a9f0d7b67a2d167074d7cff1d6a70.js?body=1" for ::1 at 2015-12-14 20:55:58 -0500


Started GET "/assets/foundation/foundation.offcanvas.self-2f34a4b91e1e958aefbde46004d6186ee82e018fe95634214749799141339810.js?body=1" for ::1 at 2015-12-14 20:55:58 -0500


Started GET "/assets/foundation/foundation.orbit.self-ba7d30fe424df83b5bc8bc5bb67ea90608759c6eb8212d1475d52b09db0bcd0f.js?body=1" for ::1 at 2015-12-14 20:55:58 -0500


Started GET "/assets/foundation/foundation.reveal.self-5a83316675f14b52f582d67c053ae7977827a5b06459d7e8f5556cbedfba1d0d.js?body=1" for ::1 at 2015-12-14 20:55:58 -0500


Started GET "/assets/foundation/foundation.slider.self-686e8b14e01aeb75ec0980de90956540d2b245324fc58e8c25debafc60300b96.js?body=1" for ::1 at 2015-12-14 20:55:58 -0500


Started GET "/assets/foundation/foundation.tab.self-9b2bd1afa5715ce8f154fa008d0aab44500763e9b336a6d4e5bca96437176a74.js?body=1" for ::1 at 2015-12-14 20:55:58 -0500


Started GET "/assets/foundation/foundation.tooltip.self-dae1db2297f90064e1a8ae7b02b175ca613cc6a2d190aaed548f6ef853f4b46d.js?body=1" for ::1 at 2015-12-14 20:55:58 -0500


Started GET "/assets/foundation/foundation.topbar.self-fa6260890f9f59c821128d066bcfaa18665c816022bafd398d937c367d5e39b7.js?body=1" for ::1 at 2015-12-14 20:55:58 -0500


Started GET "/assets/foundation.self-abe4ee7a105042f73b12b1f1a28788522d2f253445a475a94ab4d6e1f7b0ec52.js?body=1" for ::1 at 2015-12-14 20:55:58 -0500


Started GET "/assets/application.self-1509cb3433bf7f60a75710bd4d8561d25423676b3c4d4a21914940bf07b8869a.js?body=1" for ::1 at 2015-12-14 20:55:58 -0500


Started GET "/items/new" for ::1 at 2015-12-14 20:56:00 -0500
Processing by ItemsController#new as HTML
  Rendered items/new.html.erb within layouts/application (9.0ms)
Completed 200 OK in 178ms (Views: 170.1ms | ActiveRecord: 3.5ms)


Started POST "/items" for ::1 at 2015-12-14 20:56:06 -0500
Processing by ItemsController#create as HTML
  Parameters: {"utf8"=>"✓", "authenticity_token"=>"0xAvj0tIbfywV0by1+j2Zdtxh683TpWUUMKVcM9egGs0/qmpNNaYQ55pojjXyRywTtJhIRaS8LEU4bO9esIWVQ==", "item"=>{"name"=>"iPod ", "price"=>"$59"}, "commit"=>"Submit"}
  [1m[36m (0.3ms)[0m  [1mBEGIN[0m
  [1m[35mSQL (0.8ms)[0m  INSERT INTO "items" ("name", "price", "created_at", "updated_at") VALUES ($1, $2, $3, $4) RETURNING "id"  [["name", "iPod "], ["price", "$59"], ["created_at", "2015-12-15 01:56:06.717636"], ["updated_at", "2015-12-15 01:56:06.717636"]]
  [1m[36m (0.6ms)[0m  [1mCOMMIT[0m
Redirected to http://localhost:3000/items
Completed 302 Found in 8ms (ActiveRecord: 1.9ms)


Started GET "/items" for ::1 at 2015-12-14 20:56:06 -0500
Processing by ItemsController#index as HTML
  [1m[35mItem Load (0.5ms)[0m  SELECT "items".* FROM "items"
  Rendered items/index.html.erb within layouts/application (1.4ms)
Completed 200 OK in 96ms (Views: 95.7ms | ActiveRecord: 0.5ms)


Started GET "/items/new" for ::1 at 2015-12-14 20:56:08 -0500
Processing by ItemsController#new as HTML
  Rendered items/new.html.erb within layouts/application (0.9ms)
Completed 200 OK in 95ms (Views: 94.8ms | ActiveRecord: 0.0ms)


Started POST "/items" for ::1 at 2015-12-14 20:56:09 -0500
Processing by ItemsController#create as HTML
  Parameters: {"utf8"=>"✓", "authenticity_token"=>"H7UJUYAm+Fik4a3pd1LQxw5CSew5LGj5PNuGAekNNWT4W493/7gN54rfSSN3czoSm+GvYhjwDdx4+KDMXJGjWg==", "item"=>{"name"=>"", "price"=>""}, "commit"=>"Submit"}
  [1m[36m (0.3ms)[0m  [1mBEGIN[0m
  [1m[35mSQL (0.4ms)[0m  INSERT INTO "items" ("name", "price", "created_at", "updated_at") VALUES ($1, $2, $3, $4) RETURNING "id"  [["name", ""], ["price", ""], ["created_at", "2015-12-15 01:56:09.523135"], ["updated_at", "2015-12-15 01:56:09.523135"]]
  [1m[36m (1.9ms)[0m  [1mCOMMIT[0m
Redirected to http://localhost:3000/items
Completed 302 Found in 6ms (ActiveRecord: 2.5ms)


Started GET "/items" for ::1 at 2015-12-14 20:56:09 -0500
Processing by ItemsController#index as HTML
  [1m[35mItem Load (0.4ms)[0m  SELECT "items".* FROM "items"
  Rendered items/index.html.erb within layouts/application (1.4ms)
Completed 200 OK in 142ms (Views: 141.0ms | ActiveRecord: 0.4ms)
